{"C:\\Users\\arthu\\OneDrive\\Área de Trabalho\\taskmanager\\backend\\src\\index.js": {"path":"C:\\Users\\arthu\\OneDrive\\Área de Trabalho\\taskmanager\\backend\\src\\index.js","statementMap":{"0":{"start":{"line":1,"column":16},"end":{"line":1,"column":34}},"1":{"start":{"line":2,"column":13},"end":{"line":2,"column":28}},"2":{"start":{"line":3,"column":18},"end":{"line":3,"column":37}},"3":{"start":{"line":4,"column":0},"end":{"line":4,"column":23}},"4":{"start":{"line":6,"column":12},"end":{"line":6,"column":21}},"5":{"start":{"line":7,"column":0},"end":{"line":7,"column":24}},"6":{"start":{"line":9,"column":19},"end":{"line":9,"column":65}},"7":{"start":{"line":10,"column":0},"end":{"line":10,"column":36}},"8":{"start":{"line":12,"column":0},"end":{"line":12,"column":27}},"9":{"start":{"line":14,"column":0},"end":{"line":16,"column":3}},"10":{"start":{"line":15,"column":2},"end":{"line":15,"column":52}},"11":{"start":{"line":18,"column":0},"end":{"line":21,"column":1}},"12":{"start":{"line":19,"column":15},"end":{"line":19,"column":19}},"13":{"start":{"line":20,"column":2},"end":{"line":20,"column":74}},"14":{"start":{"line":20,"column":25},"end":{"line":20,"column":72}},"15":{"start":{"line":23,"column":0},"end":{"line":23,"column":21}}},"fnMap":{"0":{"name":"(anonymous_0)","decl":{"start":{"line":14,"column":24},"end":{"line":14,"column":25}},"loc":{"start":{"line":14,"column":38},"end":{"line":16,"column":1}},"line":14},"1":{"name":"(anonymous_1)","decl":{"start":{"line":20,"column":19},"end":{"line":20,"column":20}},"loc":{"start":{"line":20,"column":25},"end":{"line":20,"column":72}},"line":20}},"branchMap":{"0":{"loc":{"start":{"line":18,"column":0},"end":{"line":21,"column":1}},"type":"if","locations":[{"start":{"line":18,"column":0},"end":{"line":21,"column":1}},{"start":{},"end":{}}],"line":18}},"s":{"0":2,"1":2,"2":2,"3":2,"4":2,"5":2,"6":2,"7":2,"8":2,"9":2,"10":0,"11":2,"12":0,"13":0,"14":0,"15":2},"f":{"0":0,"1":0},"b":{"0":[0,2]},"_coverageSchema":"1a1c01bbd47fc00a2c39e90264f33305004495a9","hash":"ca6a9dca83012c560ac8ae5e394c042be0292249"}
,"C:\\Users\\arthu\\OneDrive\\Área de Trabalho\\taskmanager\\backend\\src\\config\\db.js": {"path":"C:\\Users\\arthu\\OneDrive\\Área de Trabalho\\taskmanager\\backend\\src\\config\\db.js","statementMap":{"0":{"start":{"line":1,"column":16},"end":{"line":1,"column":44}},"1":{"start":{"line":3,"column":18},"end":{"line":3,"column":33}},"2":{"start":{"line":5,"column":11},"end":{"line":10,"column":2}},"3":{"start":{"line":6,"column":2},"end":{"line":9,"column":3}},"4":{"start":{"line":7,"column":4},"end":{"line":7,"column":31}},"5":{"start":{"line":8,"column":4},"end":{"line":8,"column":14}},"6":{"start":{"line":12,"column":0},"end":{"line":39,"column":3}},"7":{"start":{"line":13,"column":2},"end":{"line":17,"column":6}},"8":{"start":{"line":19,"column":2},"end":{"line":27,"column":6}},"9":{"start":{"line":29,"column":2},"end":{"line":38,"column":6}},"10":{"start":{"line":41,"column":0},"end":{"line":41,"column":20}}},"fnMap":{"0":{"name":"(anonymous_0)","decl":{"start":{"line":5,"column":43},"end":{"line":5,"column":44}},"loc":{"start":{"line":5,"column":52},"end":{"line":10,"column":1}},"line":5},"1":{"name":"(anonymous_1)","decl":{"start":{"line":12,"column":13},"end":{"line":12,"column":14}},"loc":{"start":{"line":12,"column":19},"end":{"line":39,"column":1}},"line":12}},"branchMap":{"0":{"loc":{"start":{"line":6,"column":2},"end":{"line":9,"column":3}},"type":"if","locations":[{"start":{"line":6,"column":2},"end":{"line":9,"column":3}},{"start":{},"end":{}}],"line":6}},"s":{"0":6,"1":6,"2":6,"3":2,"4":0,"5":0,"6":6,"7":6,"8":6,"9":6,"10":6},"f":{"0":2,"1":6},"b":{"0":[0,2]},"_coverageSchema":"1a1c01bbd47fc00a2c39e90264f33305004495a9","hash":"33747c9e98e70ddad14eaa385ef20b1ac17572ef"}
,"C:\\Users\\arthu\\OneDrive\\Área de Trabalho\\taskmanager\\backend\\src\\controllers\\authController.js": {"path":"C:\\Users\\arthu\\OneDrive\\Área de Trabalho\\taskmanager\\backend\\src\\controllers\\authController.js","statementMap":{"0":{"start":{"line":1,"column":20},"end":{"line":1,"column":54}},"1":{"start":{"line":3,"column":17},"end":{"line":10,"column":1}},"2":{"start":{"line":4,"column":2},"end":{"line":9,"column":3}},"3":{"start":{"line":5,"column":4},"end":{"line":5,"column":45}},"4":{"start":{"line":6,"column":4},"end":{"line":6,"column":73}},"5":{"start":{"line":8,"column":4},"end":{"line":8,"column":71}},"6":{"start":{"line":12,"column":14},"end":{"line":19,"column":1}},"7":{"start":{"line":13,"column":2},"end":{"line":18,"column":3}},"8":{"start":{"line":14,"column":22},"end":{"line":14,"column":59}},"9":{"start":{"line":15,"column":4},"end":{"line":15,"column":68}},"10":{"start":{"line":17,"column":4},"end":{"line":17,"column":71}},"11":{"start":{"line":21,"column":0},"end":{"line":24,"column":2}}},"fnMap":{"0":{"name":"(anonymous_0)","decl":{"start":{"line":3,"column":17},"end":{"line":3,"column":18}},"loc":{"start":{"line":3,"column":37},"end":{"line":10,"column":1}},"line":3},"1":{"name":"(anonymous_1)","decl":{"start":{"line":12,"column":14},"end":{"line":12,"column":15}},"loc":{"start":{"line":12,"column":34},"end":{"line":19,"column":1}},"line":12}},"branchMap":{"0":{"loc":{"start":{"line":8,"column":15},"end":{"line":8,"column":38}},"type":"binary-expr","locations":[{"start":{"line":8,"column":15},"end":{"line":8,"column":31}},{"start":{"line":8,"column":35},"end":{"line":8,"column":38}}],"line":8},"1":{"loc":{"start":{"line":17,"column":15},"end":{"line":17,"column":38}},"type":"binary-expr","locations":[{"start":{"line":17,"column":15},"end":{"line":17,"column":31}},{"start":{"line":17,"column":35},"end":{"line":17,"column":38}}],"line":17}},"s":{"0":3,"1":3,"2":8,"3":8,"4":4,"5":4,"6":3,"7":4,"8":4,"9":2,"10":2,"11":3},"f":{"0":8,"1":4},"b":{"0":[4,1],"1":[2,1]},"_coverageSchema":"1a1c01bbd47fc00a2c39e90264f33305004495a9","hash":"2ed01af18c616199397f4dfa501a16bb1fa245a1"}
,"C:\\Users\\arthu\\OneDrive\\Área de Trabalho\\taskmanager\\backend\\src\\controllers\\taskController.js": {"path":"C:\\Users\\arthu\\OneDrive\\Área de Trabalho\\taskmanager\\backend\\src\\controllers\\taskController.js","statementMap":{"0":{"start":{"line":1,"column":20},"end":{"line":1,"column":54}},"1":{"start":{"line":3,"column":20},"end":{"line":10,"column":1}},"2":{"start":{"line":4,"column":2},"end":{"line":9,"column":3}},"3":{"start":{"line":5,"column":18},"end":{"line":5,"column":64}},"4":{"start":{"line":6,"column":4},"end":{"line":6,"column":32}},"5":{"start":{"line":8,"column":4},"end":{"line":8,"column":71}},"6":{"start":{"line":12,"column":19},"end":{"line":20,"column":1}},"7":{"start":{"line":13,"column":2},"end":{"line":19,"column":3}},"8":{"start":{"line":14,"column":21},"end":{"line":14,"column":57}},"9":{"start":{"line":15,"column":19},"end":{"line":15,"column":64}},"10":{"start":{"line":16,"column":4},"end":{"line":16,"column":60}},"11":{"start":{"line":18,"column":4},"end":{"line":18,"column":71}},"12":{"start":{"line":22,"column":19},"end":{"line":29,"column":1}},"13":{"start":{"line":23,"column":2},"end":{"line":28,"column":3}},"14":{"start":{"line":24,"column":4},"end":{"line":24,"column":78}},"15":{"start":{"line":25,"column":4},"end":{"line":25,"column":71}},"16":{"start":{"line":27,"column":4},"end":{"line":27,"column":71}},"17":{"start":{"line":31,"column":19},"end":{"line":38,"column":1}},"18":{"start":{"line":32,"column":2},"end":{"line":37,"column":3}},"19":{"start":{"line":33,"column":4},"end":{"line":33,"column":68}},"20":{"start":{"line":34,"column":4},"end":{"line":34,"column":27}},"21":{"start":{"line":36,"column":4},"end":{"line":36,"column":71}},"22":{"start":{"line":40,"column":22},"end":{"line":52,"column":1}},"23":{"start":{"line":41,"column":2},"end":{"line":51,"column":3}},"24":{"start":{"line":42,"column":24},"end":{"line":46,"column":5}},"25":{"start":{"line":47,"column":19},"end":{"line":47,"column":70}},"26":{"start":{"line":48,"column":4},"end":{"line":48,"column":63}},"27":{"start":{"line":50,"column":4},"end":{"line":50,"column":71}},"28":{"start":{"line":54,"column":22},"end":{"line":61,"column":1}},"29":{"start":{"line":55,"column":2},"end":{"line":60,"column":3}},"30":{"start":{"line":56,"column":4},"end":{"line":56,"column":81}},"31":{"start":{"line":57,"column":4},"end":{"line":57,"column":76}},"32":{"start":{"line":59,"column":4},"end":{"line":59,"column":71}},"33":{"start":{"line":63,"column":22},"end":{"line":70,"column":1}},"34":{"start":{"line":64,"column":2},"end":{"line":69,"column":3}},"35":{"start":{"line":65,"column":4},"end":{"line":65,"column":71}},"36":{"start":{"line":66,"column":4},"end":{"line":66,"column":27}},"37":{"start":{"line":68,"column":4},"end":{"line":68,"column":71}},"38":{"start":{"line":72,"column":0},"end":{"line":80,"column":2}}},"fnMap":{"0":{"name":"(anonymous_0)","decl":{"start":{"line":3,"column":20},"end":{"line":3,"column":21}},"loc":{"start":{"line":3,"column":40},"end":{"line":10,"column":1}},"line":3},"1":{"name":"(anonymous_1)","decl":{"start":{"line":12,"column":19},"end":{"line":12,"column":20}},"loc":{"start":{"line":12,"column":39},"end":{"line":20,"column":1}},"line":12},"2":{"name":"(anonymous_2)","decl":{"start":{"line":22,"column":19},"end":{"line":22,"column":20}},"loc":{"start":{"line":22,"column":39},"end":{"line":29,"column":1}},"line":22},"3":{"name":"(anonymous_3)","decl":{"start":{"line":31,"column":19},"end":{"line":31,"column":20}},"loc":{"start":{"line":31,"column":39},"end":{"line":38,"column":1}},"line":31},"4":{"name":"(anonymous_4)","decl":{"start":{"line":40,"column":22},"end":{"line":40,"column":23}},"loc":{"start":{"line":40,"column":42},"end":{"line":52,"column":1}},"line":40},"5":{"name":"(anonymous_5)","decl":{"start":{"line":54,"column":22},"end":{"line":54,"column":23}},"loc":{"start":{"line":54,"column":42},"end":{"line":61,"column":1}},"line":54},"6":{"name":"(anonymous_6)","decl":{"start":{"line":63,"column":22},"end":{"line":63,"column":23}},"loc":{"start":{"line":63,"column":42},"end":{"line":70,"column":1}},"line":63}},"branchMap":{"0":{"loc":{"start":{"line":8,"column":15},"end":{"line":8,"column":38}},"type":"binary-expr","locations":[{"start":{"line":8,"column":15},"end":{"line":8,"column":31}},{"start":{"line":8,"column":35},"end":{"line":8,"column":38}}],"line":8},"1":{"loc":{"start":{"line":18,"column":15},"end":{"line":18,"column":38}},"type":"binary-expr","locations":[{"start":{"line":18,"column":15},"end":{"line":18,"column":31}},{"start":{"line":18,"column":35},"end":{"line":18,"column":38}}],"line":18},"2":{"loc":{"start":{"line":27,"column":15},"end":{"line":27,"column":38}},"type":"binary-expr","locations":[{"start":{"line":27,"column":15},"end":{"line":27,"column":31}},{"start":{"line":27,"column":35},"end":{"line":27,"column":38}}],"line":27},"3":{"loc":{"start":{"line":36,"column":15},"end":{"line":36,"column":38}},"type":"binary-expr","locations":[{"start":{"line":36,"column":15},"end":{"line":36,"column":31}},{"start":{"line":36,"column":35},"end":{"line":36,"column":38}}],"line":36},"4":{"loc":{"start":{"line":50,"column":15},"end":{"line":50,"column":38}},"type":"binary-expr","locations":[{"start":{"line":50,"column":15},"end":{"line":50,"column":31}},{"start":{"line":50,"column":35},"end":{"line":50,"column":38}}],"line":50},"5":{"loc":{"start":{"line":59,"column":15},"end":{"line":59,"column":38}},"type":"binary-expr","locations":[{"start":{"line":59,"column":15},"end":{"line":59,"column":31}},{"start":{"line":59,"column":35},"end":{"line":59,"column":38}}],"line":59},"6":{"loc":{"start":{"line":68,"column":15},"end":{"line":68,"column":38}},"type":"binary-expr","locations":[{"start":{"line":68,"column":15},"end":{"line":68,"column":31}},{"start":{"line":68,"column":35},"end":{"line":68,"column":38}}],"line":68}},"s":{"0":3,"1":3,"2":3,"3":3,"4":2,"5":1,"6":3,"7":3,"8":3,"9":3,"10":2,"11":1,"12":3,"13":3,"14":3,"15":2,"16":1,"17":3,"18":3,"19":3,"20":2,"21":1,"22":3,"23":2,"24":2,"25":2,"26":2,"27":0,"28":3,"29":2,"30":2,"31":2,"32":0,"33":3,"34":1,"35":1,"36":1,"37":0,"38":3},"f":{"0":3,"1":3,"2":3,"3":3,"4":2,"5":2,"6":1},"b":{"0":[1,1],"1":[1,0],"2":[1,0],"3":[1,0],"4":[0,0],"5":[0,0],"6":[0,0]},"_coverageSchema":"1a1c01bbd47fc00a2c39e90264f33305004495a9","hash":"3361323c1f02279cc2c90ba07f44827072fc1fbb"}
,"C:\\Users\\arthu\\OneDrive\\Área de Trabalho\\taskmanager\\backend\\src\\middlewares\\authMiddleware.js": {"path":"C:\\Users\\arthu\\OneDrive\\Área de Trabalho\\taskmanager\\backend\\src\\middlewares\\authMiddleware.js","statementMap":{"0":{"start":{"line":1,"column":12},"end":{"line":1,"column":35}},"1":{"start":{"line":2,"column":19},"end":{"line":2,"column":36}},"2":{"start":{"line":5,"column":21},"end":{"line":5,"column":49}},"3":{"start":{"line":6,"column":16},"end":{"line":6,"column":54}},"4":{"start":{"line":8,"column":2},"end":{"line":10,"column":3}},"5":{"start":{"line":9,"column":4},"end":{"line":9,"column":31}},"6":{"start":{"line":12,"column":2},"end":{"line":18,"column":5}},"7":{"start":{"line":13,"column":4},"end":{"line":15,"column":5}},"8":{"start":{"line":14,"column":6},"end":{"line":14,"column":33}},"9":{"start":{"line":16,"column":4},"end":{"line":16,"column":20}},"10":{"start":{"line":17,"column":4},"end":{"line":17,"column":11}},"11":{"start":{"line":21,"column":0},"end":{"line":21,"column":39}}},"fnMap":{"0":{"name":"authenticateToken","decl":{"start":{"line":4,"column":9},"end":{"line":4,"column":26}},"loc":{"start":{"line":4,"column":43},"end":{"line":19,"column":1}},"line":4},"1":{"name":"(anonymous_1)","decl":{"start":{"line":12,"column":32},"end":{"line":12,"column":33}},"loc":{"start":{"line":12,"column":47},"end":{"line":18,"column":3}},"line":12}},"branchMap":{"0":{"loc":{"start":{"line":6,"column":16},"end":{"line":6,"column":54}},"type":"binary-expr","locations":[{"start":{"line":6,"column":16},"end":{"line":6,"column":26}},{"start":{"line":6,"column":30},"end":{"line":6,"column":54}}],"line":6},"1":{"loc":{"start":{"line":8,"column":2},"end":{"line":10,"column":3}},"type":"if","locations":[{"start":{"line":8,"column":2},"end":{"line":10,"column":3}},{"start":{},"end":{}}],"line":8},"2":{"loc":{"start":{"line":13,"column":4},"end":{"line":15,"column":5}},"type":"if","locations":[{"start":{"line":13,"column":4},"end":{"line":15,"column":5}},{"start":{},"end":{}}],"line":13}},"s":{"0":2,"1":2,"2":7,"3":7,"4":7,"5":0,"6":7,"7":7,"8":0,"9":7,"10":7,"11":2},"f":{"0":7,"1":7},"b":{"0":[7,7],"1":[0,7],"2":[0,7]},"_coverageSchema":"1a1c01bbd47fc00a2c39e90264f33305004495a9","hash":"becb4a60afde5beec3c9cb629de748ce66f536aa"}
,"C:\\Users\\arthu\\OneDrive\\Área de Trabalho\\taskmanager\\backend\\src\\repositories\\taskRepository.js": {"path":"C:\\Users\\arthu\\OneDrive\\Área de Trabalho\\taskmanager\\backend\\src\\repositories\\taskRepository.js","statementMap":{"0":{"start":{"line":1,"column":11},"end":{"line":1,"column":34}},"1":{"start":{"line":3,"column":24},"end":{"line":10,"column":1}},"2":{"start":{"line":4,"column":2},"end":{"line":9,"column":5}},"3":{"start":{"line":5,"column":4},"end":{"line":8,"column":7}},"4":{"start":{"line":6,"column":6},"end":{"line":6,"column":27}},"5":{"start":{"line":6,"column":15},"end":{"line":6,"column":27}},"6":{"start":{"line":7,"column":6},"end":{"line":7,"column":20}},"7":{"start":{"line":12,"column":32},"end":{"line":19,"column":1}},"8":{"start":{"line":13,"column":2},"end":{"line":18,"column":5}},"9":{"start":{"line":14,"column":4},"end":{"line":17,"column":7}},"10":{"start":{"line":15,"column":6},"end":{"line":15,"column":27}},"11":{"start":{"line":15,"column":15},"end":{"line":15,"column":27}},"12":{"start":{"line":16,"column":6},"end":{"line":16,"column":20}},"13":{"start":{"line":21,"column":29},"end":{"line":28,"column":1}},"14":{"start":{"line":22,"column":2},"end":{"line":27,"column":5}},"15":{"start":{"line":23,"column":4},"end":{"line":26,"column":7}},"16":{"start":{"line":24,"column":6},"end":{"line":24,"column":27}},"17":{"start":{"line":24,"column":15},"end":{"line":24,"column":27}},"18":{"start":{"line":25,"column":6},"end":{"line":25,"column":19}},"19":{"start":{"line":30,"column":15},"end":{"line":38,"column":1}},"20":{"start":{"line":31,"column":2},"end":{"line":37,"column":5}},"21":{"start":{"line":32,"column":16},"end":{"line":32,"column":92}},"22":{"start":{"line":33,"column":4},"end":{"line":36,"column":7}},"23":{"start":{"line":34,"column":6},"end":{"line":34,"column":27}},"24":{"start":{"line":34,"column":15},"end":{"line":34,"column":27}},"25":{"start":{"line":35,"column":6},"end":{"line":35,"column":35}},"26":{"start":{"line":40,"column":15},"end":{"line":51,"column":1}},"27":{"start":{"line":41,"column":2},"end":{"line":50,"column":5}},"28":{"start":{"line":42,"column":26},"end":{"line":42,"column":70}},"29":{"start":{"line":42,"column":57},"end":{"line":42,"column":69}},"30":{"start":{"line":43,"column":19},"end":{"line":43,"column":57}},"31":{"start":{"line":44,"column":16},"end":{"line":44,"column":91}},"32":{"start":{"line":46,"column":4},"end":{"line":49,"column":7}},"33":{"start":{"line":47,"column":6},"end":{"line":47,"column":27}},"34":{"start":{"line":47,"column":15},"end":{"line":47,"column":27}},"35":{"start":{"line":48,"column":6},"end":{"line":48,"column":41}},"36":{"start":{"line":53,"column":15},"end":{"line":60,"column":1}},"37":{"start":{"line":54,"column":2},"end":{"line":59,"column":5}},"38":{"start":{"line":55,"column":4},"end":{"line":58,"column":7}},"39":{"start":{"line":56,"column":6},"end":{"line":56,"column":27}},"40":{"start":{"line":56,"column":15},"end":{"line":56,"column":27}},"41":{"start":{"line":57,"column":6},"end":{"line":57,"column":41}},"42":{"start":{"line":62,"column":22},"end":{"line":70,"column":1}},"43":{"start":{"line":63,"column":2},"end":{"line":69,"column":5}},"44":{"start":{"line":64,"column":16},"end":{"line":64,"column":94}},"45":{"start":{"line":65,"column":4},"end":{"line":68,"column":7}},"46":{"start":{"line":66,"column":6},"end":{"line":66,"column":27}},"47":{"start":{"line":66,"column":15},"end":{"line":66,"column":27}},"48":{"start":{"line":67,"column":6},"end":{"line":67,"column":35}},"49":{"start":{"line":72,"column":22},"end":{"line":83,"column":1}},"50":{"start":{"line":73,"column":2},"end":{"line":82,"column":5}},"51":{"start":{"line":74,"column":26},"end":{"line":74,"column":70}},"52":{"start":{"line":74,"column":57},"end":{"line":74,"column":69}},"53":{"start":{"line":75,"column":19},"end":{"line":75,"column":57}},"54":{"start":{"line":76,"column":16},"end":{"line":76,"column":94}},"55":{"start":{"line":78,"column":4},"end":{"line":81,"column":7}},"56":{"start":{"line":79,"column":6},"end":{"line":79,"column":27}},"57":{"start":{"line":79,"column":15},"end":{"line":79,"column":27}},"58":{"start":{"line":80,"column":6},"end":{"line":80,"column":41}},"59":{"start":{"line":85,"column":22},"end":{"line":92,"column":1}},"60":{"start":{"line":86,"column":2},"end":{"line":91,"column":5}},"61":{"start":{"line":87,"column":4},"end":{"line":90,"column":7}},"62":{"start":{"line":88,"column":6},"end":{"line":88,"column":27}},"63":{"start":{"line":88,"column":15},"end":{"line":88,"column":27}},"64":{"start":{"line":89,"column":6},"end":{"line":89,"column":41}},"65":{"start":{"line":94,"column":0},"end":{"line":104,"column":2}}},"fnMap":{"0":{"name":"(anonymous_0)","decl":{"start":{"line":3,"column":24},"end":{"line":3,"column":25}},"loc":{"start":{"line":3,"column":36},"end":{"line":10,"column":1}},"line":3},"1":{"name":"(anonymous_1)","decl":{"start":{"line":4,"column":21},"end":{"line":4,"column":22}},"loc":{"start":{"line":4,"column":42},"end":{"line":9,"column":3}},"line":4},"2":{"name":"(anonymous_2)","decl":{"start":{"line":5,"column":74},"end":{"line":5,"column":75}},"loc":{"start":{"line":5,"column":89},"end":{"line":8,"column":5}},"line":5},"3":{"name":"(anonymous_3)","decl":{"start":{"line":12,"column":32},"end":{"line":12,"column":33}},"loc":{"start":{"line":12,"column":44},"end":{"line":19,"column":1}},"line":12},"4":{"name":"(anonymous_4)","decl":{"start":{"line":13,"column":21},"end":{"line":13,"column":22}},"loc":{"start":{"line":13,"column":42},"end":{"line":18,"column":3}},"line":13},"5":{"name":"(anonymous_5)","decl":{"start":{"line":14,"column":77},"end":{"line":14,"column":78}},"loc":{"start":{"line":14,"column":92},"end":{"line":17,"column":5}},"line":14},"6":{"name":"(anonymous_6)","decl":{"start":{"line":21,"column":29},"end":{"line":21,"column":30}},"loc":{"start":{"line":21,"column":48},"end":{"line":28,"column":1}},"line":21},"7":{"name":"(anonymous_7)","decl":{"start":{"line":22,"column":21},"end":{"line":22,"column":22}},"loc":{"start":{"line":22,"column":42},"end":{"line":27,"column":3}},"line":22},"8":{"name":"(anonymous_8)","decl":{"start":{"line":23,"column":84},"end":{"line":23,"column":85}},"loc":{"start":{"line":23,"column":98},"end":{"line":26,"column":5}},"line":23},"9":{"name":"(anonymous_9)","decl":{"start":{"line":30,"column":15},"end":{"line":30,"column":16}},"loc":{"start":{"line":30,"column":57},"end":{"line":38,"column":1}},"line":30},"10":{"name":"(anonymous_10)","decl":{"start":{"line":31,"column":21},"end":{"line":31,"column":22}},"loc":{"start":{"line":31,"column":42},"end":{"line":37,"column":3}},"line":31},"11":{"name":"(anonymous_11)","decl":{"start":{"line":33,"column":52},"end":{"line":33,"column":53}},"loc":{"start":{"line":33,"column":67},"end":{"line":36,"column":5}},"line":33},"12":{"name":"(anonymous_12)","decl":{"start":{"line":40,"column":15},"end":{"line":40,"column":16}},"loc":{"start":{"line":40,"column":39},"end":{"line":51,"column":1}},"line":40},"13":{"name":"(anonymous_13)","decl":{"start":{"line":41,"column":21},"end":{"line":41,"column":22}},"loc":{"start":{"line":41,"column":42},"end":{"line":50,"column":3}},"line":41},"14":{"name":"(anonymous_14)","decl":{"start":{"line":42,"column":50},"end":{"line":42,"column":51}},"loc":{"start":{"line":42,"column":57},"end":{"line":42,"column":69}},"line":42},"15":{"name":"(anonymous_15)","decl":{"start":{"line":46,"column":24},"end":{"line":46,"column":25}},"loc":{"start":{"line":46,"column":39},"end":{"line":49,"column":5}},"line":46},"16":{"name":"(anonymous_16)","decl":{"start":{"line":53,"column":15},"end":{"line":53,"column":16}},"loc":{"start":{"line":53,"column":31},"end":{"line":60,"column":1}},"line":53},"17":{"name":"(anonymous_17)","decl":{"start":{"line":54,"column":21},"end":{"line":54,"column":22}},"loc":{"start":{"line":54,"column":42},"end":{"line":59,"column":3}},"line":54},"18":{"name":"(anonymous_18)","decl":{"start":{"line":55,"column":75},"end":{"line":55,"column":76}},"loc":{"start":{"line":55,"column":90},"end":{"line":58,"column":5}},"line":55},"19":{"name":"(anonymous_19)","decl":{"start":{"line":62,"column":22},"end":{"line":62,"column":23}},"loc":{"start":{"line":62,"column":62},"end":{"line":70,"column":1}},"line":62},"20":{"name":"(anonymous_20)","decl":{"start":{"line":63,"column":21},"end":{"line":63,"column":22}},"loc":{"start":{"line":63,"column":42},"end":{"line":69,"column":3}},"line":63},"21":{"name":"(anonymous_21)","decl":{"start":{"line":65,"column":50},"end":{"line":65,"column":51}},"loc":{"start":{"line":65,"column":65},"end":{"line":68,"column":5}},"line":65},"22":{"name":"(anonymous_22)","decl":{"start":{"line":72,"column":22},"end":{"line":72,"column":23}},"loc":{"start":{"line":72,"column":46},"end":{"line":83,"column":1}},"line":72},"23":{"name":"(anonymous_23)","decl":{"start":{"line":73,"column":21},"end":{"line":73,"column":22}},"loc":{"start":{"line":73,"column":42},"end":{"line":82,"column":3}},"line":73},"24":{"name":"(anonymous_24)","decl":{"start":{"line":74,"column":50},"end":{"line":74,"column":51}},"loc":{"start":{"line":74,"column":57},"end":{"line":74,"column":69}},"line":74},"25":{"name":"(anonymous_25)","decl":{"start":{"line":78,"column":24},"end":{"line":78,"column":25}},"loc":{"start":{"line":78,"column":39},"end":{"line":81,"column":5}},"line":78},"26":{"name":"(anonymous_26)","decl":{"start":{"line":85,"column":22},"end":{"line":85,"column":23}},"loc":{"start":{"line":85,"column":38},"end":{"line":92,"column":1}},"line":85},"27":{"name":"(anonymous_27)","decl":{"start":{"line":86,"column":21},"end":{"line":86,"column":22}},"loc":{"start":{"line":86,"column":42},"end":{"line":91,"column":3}},"line":86},"28":{"name":"(anonymous_28)","decl":{"start":{"line":87,"column":78},"end":{"line":87,"column":79}},"loc":{"start":{"line":87,"column":93},"end":{"line":90,"column":5}},"line":87}},"branchMap":{"0":{"loc":{"start":{"line":6,"column":6},"end":{"line":6,"column":27}},"type":"if","locations":[{"start":{"line":6,"column":6},"end":{"line":6,"column":27}},{"start":{},"end":{}}],"line":6},"1":{"loc":{"start":{"line":15,"column":6},"end":{"line":15,"column":27}},"type":"if","locations":[{"start":{"line":15,"column":6},"end":{"line":15,"column":27}},{"start":{},"end":{}}],"line":15},"2":{"loc":{"start":{"line":24,"column":6},"end":{"line":24,"column":27}},"type":"if","locations":[{"start":{"line":24,"column":6},"end":{"line":24,"column":27}},{"start":{},"end":{}}],"line":24},"3":{"loc":{"start":{"line":34,"column":6},"end":{"line":34,"column":27}},"type":"if","locations":[{"start":{"line":34,"column":6},"end":{"line":34,"column":27}},{"start":{},"end":{}}],"line":34},"4":{"loc":{"start":{"line":47,"column":6},"end":{"line":47,"column":27}},"type":"if","locations":[{"start":{"line":47,"column":6},"end":{"line":47,"column":27}},{"start":{},"end":{}}],"line":47},"5":{"loc":{"start":{"line":56,"column":6},"end":{"line":56,"column":27}},"type":"if","locations":[{"start":{"line":56,"column":6},"end":{"line":56,"column":27}},{"start":{},"end":{}}],"line":56},"6":{"loc":{"start":{"line":66,"column":6},"end":{"line":66,"column":27}},"type":"if","locations":[{"start":{"line":66,"column":6},"end":{"line":66,"column":27}},{"start":{},"end":{}}],"line":66},"7":{"loc":{"start":{"line":79,"column":6},"end":{"line":79,"column":27}},"type":"if","locations":[{"start":{"line":79,"column":6},"end":{"line":79,"column":27}},{"start":{},"end":{}}],"line":79},"8":{"loc":{"start":{"line":88,"column":6},"end":{"line":88,"column":27}},"type":"if","locations":[{"start":{"line":88,"column":6},"end":{"line":88,"column":27}},{"start":{},"end":{}}],"line":88}},"s":{"0":4,"1":4,"2":1,"3":1,"4":1,"5":0,"6":1,"7":4,"8":1,"9":1,"10":1,"11":0,"12":1,"13":4,"14":1,"15":1,"16":1,"17":0,"18":1,"19":4,"20":1,"21":1,"22":1,"23":1,"24":0,"25":1,"26":4,"27":1,"28":1,"29":2,"30":1,"31":1,"32":1,"33":1,"34":0,"35":1,"36":4,"37":1,"38":1,"39":1,"40":0,"41":1,"42":4,"43":1,"44":1,"45":1,"46":1,"47":0,"48":1,"49":4,"50":1,"51":1,"52":2,"53":1,"54":1,"55":1,"56":1,"57":0,"58":1,"59":4,"60":1,"61":1,"62":1,"63":0,"64":1,"65":4},"f":{"0":1,"1":1,"2":1,"3":1,"4":1,"5":1,"6":1,"7":1,"8":1,"9":1,"10":1,"11":1,"12":1,"13":1,"14":2,"15":1,"16":1,"17":1,"18":1,"19":1,"20":1,"21":1,"22":1,"23":1,"24":2,"25":1,"26":1,"27":1,"28":1},"b":{"0":[0,1],"1":[0,1],"2":[0,1],"3":[0,1],"4":[0,1],"5":[0,1],"6":[0,1],"7":[0,1],"8":[0,1]},"_coverageSchema":"1a1c01bbd47fc00a2c39e90264f33305004495a9","hash":"d3186d8823370b85d3893f1e3b59b3944558fd39"}
,"C:\\Users\\arthu\\OneDrive\\Área de Trabalho\\taskmanager\\backend\\src\\repositories\\userRepository.js": {"path":"C:\\Users\\arthu\\OneDrive\\Área de Trabalho\\taskmanager\\backend\\src\\repositories\\userRepository.js","statementMap":{"0":{"start":{"line":1,"column":11},"end":{"line":1,"column":34}},"1":{"start":{"line":3,"column":23},"end":{"line":10,"column":1}},"2":{"start":{"line":4,"column":2},"end":{"line":9,"column":5}},"3":{"start":{"line":5,"column":4},"end":{"line":8,"column":7}},"4":{"start":{"line":6,"column":6},"end":{"line":6,"column":27}},"5":{"start":{"line":6,"column":15},"end":{"line":6,"column":27}},"6":{"start":{"line":7,"column":6},"end":{"line":7,"column":19}},"7":{"start":{"line":12,"column":15},"end":{"line":19,"column":1}},"8":{"start":{"line":13,"column":2},"end":{"line":18,"column":5}},"9":{"start":{"line":14,"column":4},"end":{"line":17,"column":7}},"10":{"start":{"line":15,"column":6},"end":{"line":15,"column":27}},"11":{"start":{"line":15,"column":15},"end":{"line":15,"column":27}},"12":{"start":{"line":16,"column":6},"end":{"line":16,"column":35}},"13":{"start":{"line":21,"column":0},"end":{"line":24,"column":2}}},"fnMap":{"0":{"name":"(anonymous_0)","decl":{"start":{"line":3,"column":23},"end":{"line":3,"column":24}},"loc":{"start":{"line":3,"column":37},"end":{"line":10,"column":1}},"line":3},"1":{"name":"(anonymous_1)","decl":{"start":{"line":4,"column":21},"end":{"line":4,"column":22}},"loc":{"start":{"line":4,"column":42},"end":{"line":9,"column":3}},"line":4},"2":{"name":"(anonymous_2)","decl":{"start":{"line":5,"column":65},"end":{"line":5,"column":66}},"loc":{"start":{"line":5,"column":79},"end":{"line":8,"column":5}},"line":5},"3":{"name":"(anonymous_3)","decl":{"start":{"line":12,"column":15},"end":{"line":12,"column":16}},"loc":{"start":{"line":12,"column":49},"end":{"line":19,"column":1}},"line":12},"4":{"name":"(anonymous_4)","decl":{"start":{"line":13,"column":21},"end":{"line":13,"column":22}},"loc":{"start":{"line":13,"column":42},"end":{"line":18,"column":3}},"line":13},"5":{"name":"(anonymous_5)","decl":{"start":{"line":14,"column":95},"end":{"line":14,"column":96}},"loc":{"start":{"line":14,"column":110},"end":{"line":17,"column":5}},"line":14}},"branchMap":{"0":{"loc":{"start":{"line":6,"column":6},"end":{"line":6,"column":27}},"type":"if","locations":[{"start":{"line":6,"column":6},"end":{"line":6,"column":27}},{"start":{},"end":{}}],"line":6},"1":{"loc":{"start":{"line":15,"column":6},"end":{"line":15,"column":27}},"type":"if","locations":[{"start":{"line":15,"column":6},"end":{"line":15,"column":27}},{"start":{},"end":{}}],"line":15}},"s":{"0":4,"1":4,"2":5,"3":5,"4":5,"5":0,"6":5,"7":4,"8":3,"9":3,"10":3,"11":0,"12":3,"13":4},"f":{"0":5,"1":5,"2":5,"3":3,"4":3,"5":3},"b":{"0":[0,5],"1":[0,3]},"_coverageSchema":"1a1c01bbd47fc00a2c39e90264f33305004495a9","hash":"c34670973e3c96a7239cb870c8affcecbf23d86b"}
,"C:\\Users\\arthu\\OneDrive\\Área de Trabalho\\taskmanager\\backend\\src\\routes\\authRoutes.js": {"path":"C:\\Users\\arthu\\OneDrive\\Área de Trabalho\\taskmanager\\backend\\src\\routes\\authRoutes.js","statementMap":{"0":{"start":{"line":1,"column":16},"end":{"line":1,"column":34}},"1":{"start":{"line":2,"column":23},"end":{"line":2,"column":63}},"2":{"start":{"line":3,"column":15},"end":{"line":3,"column":31}},"3":{"start":{"line":5,"column":0},"end":{"line":5,"column":50}},"4":{"start":{"line":6,"column":0},"end":{"line":6,"column":44}},"5":{"start":{"line":8,"column":0},"end":{"line":8,"column":24}}},"fnMap":{},"branchMap":{},"s":{"0":2,"1":2,"2":2,"3":2,"4":2,"5":2},"f":{},"b":{},"_coverageSchema":"1a1c01bbd47fc00a2c39e90264f33305004495a9","hash":"f4d3db0a82e688030b794ec5e138f97e4e3212d5"}
,"C:\\Users\\arthu\\OneDrive\\Área de Trabalho\\taskmanager\\backend\\src\\routes\\index.js": {"path":"C:\\Users\\arthu\\OneDrive\\Área de Trabalho\\taskmanager\\backend\\src\\routes\\index.js","statementMap":{"0":{"start":{"line":1,"column":16},"end":{"line":1,"column":34}},"1":{"start":{"line":2,"column":19},"end":{"line":2,"column":42}},"2":{"start":{"line":3,"column":19},"end":{"line":3,"column":42}},"3":{"start":{"line":4,"column":15},"end":{"line":4,"column":31}},"4":{"start":{"line":6,"column":0},"end":{"line":6,"column":32}},"5":{"start":{"line":7,"column":0},"end":{"line":7,"column":33}},"6":{"start":{"line":9,"column":0},"end":{"line":9,"column":24}}},"fnMap":{},"branchMap":{},"s":{"0":2,"1":2,"2":2,"3":2,"4":2,"5":2,"6":2},"f":{},"b":{},"_coverageSchema":"1a1c01bbd47fc00a2c39e90264f33305004495a9","hash":"5933012bb347e792a798c4c5a657e8d3bdf67033"}
,"C:\\Users\\arthu\\OneDrive\\Área de Trabalho\\taskmanager\\backend\\src\\routes\\taskRoutes.js": {"path":"C:\\Users\\arthu\\OneDrive\\Área de Trabalho\\taskmanager\\backend\\src\\routes\\taskRoutes.js","statementMap":{"0":{"start":{"line":1,"column":16},"end":{"line":1,"column":34}},"1":{"start":{"line":2,"column":23},"end":{"line":2,"column":63}},"2":{"start":{"line":3,"column":30},"end":{"line":3,"column":70}},"3":{"start":{"line":4,"column":15},"end":{"line":4,"column":31}},"4":{"start":{"line":6,"column":0},"end":{"line":6,"column":30}},"5":{"start":{"line":8,"column":0},"end":{"line":8,"column":44}},"6":{"start":{"line":9,"column":0},"end":{"line":9,"column":44}},"7":{"start":{"line":10,"column":0},"end":{"line":10,"column":46}},"8":{"start":{"line":11,"column":0},"end":{"line":11,"column":49}},"9":{"start":{"line":13,"column":0},"end":{"line":13,"column":63}},"10":{"start":{"line":14,"column":0},"end":{"line":14,"column":58}},"11":{"start":{"line":15,"column":0},"end":{"line":15,"column":61}},"12":{"start":{"line":17,"column":0},"end":{"line":17,"column":24}}},"fnMap":{},"branchMap":{},"s":{"0":2,"1":2,"2":2,"3":2,"4":2,"5":2,"6":2,"7":2,"8":2,"9":2,"10":2,"11":2,"12":2},"f":{},"b":{},"_coverageSchema":"1a1c01bbd47fc00a2c39e90264f33305004495a9","hash":"60c2518869d4cc9997349f5ffe08771b1046d84f"}
,"C:\\Users\\arthu\\OneDrive\\Área de Trabalho\\taskmanager\\backend\\src\\services\\authService.js": {"path":"C:\\Users\\arthu\\OneDrive\\Área de Trabalho\\taskmanager\\backend\\src\\services\\authService.js","statementMap":{"0":{"start":{"line":1,"column":15},"end":{"line":1,"column":34}},"1":{"start":{"line":2,"column":12},"end":{"line":2,"column":35}},"2":{"start":{"line":3,"column":23},"end":{"line":3,"column":64}},"3":{"start":{"line":5,"column":19},"end":{"line":5,"column":36}},"4":{"start":{"line":7,"column":21},"end":{"line":24,"column":1}},"5":{"start":{"line":8,"column":2},"end":{"line":12,"column":3}},"6":{"start":{"line":9,"column":18},"end":{"line":9,"column":72}},"7":{"start":{"line":10,"column":4},"end":{"line":10,"column":27}},"8":{"start":{"line":11,"column":4},"end":{"line":11,"column":16}},"9":{"start":{"line":14,"column":23},"end":{"line":14,"column":68}},"10":{"start":{"line":15,"column":2},"end":{"line":19,"column":3}},"11":{"start":{"line":16,"column":18},"end":{"line":16,"column":57}},"12":{"start":{"line":17,"column":4},"end":{"line":17,"column":27}},"13":{"start":{"line":18,"column":4},"end":{"line":18,"column":16}},"14":{"start":{"line":21,"column":25},"end":{"line":21,"column":56}},"15":{"start":{"line":22,"column":18},"end":{"line":22,"column":75}},"16":{"start":{"line":23,"column":2},"end":{"line":23,"column":17}},"17":{"start":{"line":26,"column":18},"end":{"line":49,"column":1}},"18":{"start":{"line":27,"column":2},"end":{"line":31,"column":3}},"19":{"start":{"line":28,"column":18},"end":{"line":28,"column":72}},"20":{"start":{"line":29,"column":4},"end":{"line":29,"column":27}},"21":{"start":{"line":30,"column":4},"end":{"line":30,"column":16}},"22":{"start":{"line":33,"column":15},"end":{"line":33,"column":60}},"23":{"start":{"line":34,"column":2},"end":{"line":38,"column":3}},"24":{"start":{"line":35,"column":18},"end":{"line":35,"column":53}},"25":{"start":{"line":36,"column":4},"end":{"line":36,"column":27}},"26":{"start":{"line":37,"column":4},"end":{"line":37,"column":16}},"27":{"start":{"line":40,"column":18},"end":{"line":40,"column":63}},"28":{"start":{"line":41,"column":2},"end":{"line":45,"column":3}},"29":{"start":{"line":42,"column":18},"end":{"line":42,"column":53}},"30":{"start":{"line":43,"column":4},"end":{"line":43,"column":27}},"31":{"start":{"line":44,"column":4},"end":{"line":44,"column":16}},"32":{"start":{"line":47,"column":16},"end":{"line":47,"column":99}},"33":{"start":{"line":48,"column":2},"end":{"line":48,"column":19}},"34":{"start":{"line":51,"column":0},"end":{"line":54,"column":2}}},"fnMap":{"0":{"name":"(anonymous_0)","decl":{"start":{"line":7,"column":21},"end":{"line":7,"column":22}},"loc":{"start":{"line":7,"column":55},"end":{"line":24,"column":1}},"line":7},"1":{"name":"(anonymous_1)","decl":{"start":{"line":26,"column":18},"end":{"line":26,"column":19}},"loc":{"start":{"line":26,"column":52},"end":{"line":49,"column":1}},"line":26}},"branchMap":{"0":{"loc":{"start":{"line":8,"column":2},"end":{"line":12,"column":3}},"type":"if","locations":[{"start":{"line":8,"column":2},"end":{"line":12,"column":3}},{"start":{},"end":{}}],"line":8},"1":{"loc":{"start":{"line":8,"column":6},"end":{"line":8,"column":80}},"type":"binary-expr","locations":[{"start":{"line":8,"column":6},"end":{"line":8,"column":15}},{"start":{"line":8,"column":19},"end":{"line":8,"column":28}},{"start":{"line":8,"column":32},"end":{"line":8,"column":54}},{"start":{"line":8,"column":58},"end":{"line":8,"column":80}}],"line":8},"2":{"loc":{"start":{"line":15,"column":2},"end":{"line":19,"column":3}},"type":"if","locations":[{"start":{"line":15,"column":2},"end":{"line":19,"column":3}},{"start":{},"end":{}}],"line":15},"3":{"loc":{"start":{"line":27,"column":2},"end":{"line":31,"column":3}},"type":"if","locations":[{"start":{"line":27,"column":2},"end":{"line":31,"column":3}},{"start":{},"end":{}}],"line":27},"4":{"loc":{"start":{"line":27,"column":6},"end":{"line":27,"column":80}},"type":"binary-expr","locations":[{"start":{"line":27,"column":6},"end":{"line":27,"column":15}},{"start":{"line":27,"column":19},"end":{"line":27,"column":28}},{"start":{"line":27,"column":32},"end":{"line":27,"column":54}},{"start":{"line":27,"column":58},"end":{"line":27,"column":80}}],"line":27},"5":{"loc":{"start":{"line":34,"column":2},"end":{"line":38,"column":3}},"type":"if","locations":[{"start":{"line":34,"column":2},"end":{"line":38,"column":3}},{"start":{},"end":{}}],"line":34},"6":{"loc":{"start":{"line":41,"column":2},"end":{"line":45,"column":3}},"type":"if","locations":[{"start":{"line":41,"column":2},"end":{"line":45,"column":3}},{"start":{},"end":{}}],"line":41}},"s":{"0":4,"1":4,"2":4,"3":4,"4":4,"5":14,"6":6,"7":6,"8":6,"9":8,"10":7,"11":2,"12":2,"13":2,"14":5,"15":4,"16":4,"17":4,"18":11,"19":4,"20":4,"21":4,"22":7,"23":6,"24":1,"25":1,"26":1,"27":5,"28":3,"29":1,"30":1,"31":1,"32":2,"33":2,"34":4},"f":{"0":14,"1":11},"b":{"0":[6,8],"1":[14,11,8,8],"2":[2,5],"3":[4,7],"4":[11,10,9,8],"5":[1,5],"6":[1,2]},"_coverageSchema":"1a1c01bbd47fc00a2c39e90264f33305004495a9","hash":"d76cd9b1cd1967e79d7addffd03da79fa81db913"}
,"C:\\Users\\arthu\\OneDrive\\Área de Trabalho\\taskmanager\\backend\\src\\services\\taskService.js": {"path":"C:\\Users\\arthu\\OneDrive\\Área de Trabalho\\taskmanager\\backend\\src\\services\\taskService.js","statementMap":{"0":{"start":{"line":1,"column":23},"end":{"line":1,"column":64}},"1":{"start":{"line":3,"column":24},"end":{"line":20,"column":1}},"2":{"start":{"line":4,"column":16},"end":{"line":4,"column":60}},"3":{"start":{"line":5,"column":19},"end":{"line":5,"column":71}},"4":{"start":{"line":7,"column":19},"end":{"line":11,"column":8}},"5":{"start":{"line":8,"column":4},"end":{"line":8,"column":23}},"6":{"start":{"line":9,"column":4},"end":{"line":9,"column":24}},"7":{"start":{"line":10,"column":4},"end":{"line":10,"column":15}},"8":{"start":{"line":13,"column":2},"end":{"line":17,"column":5}},"9":{"start":{"line":14,"column":4},"end":{"line":16,"column":5}},"10":{"start":{"line":15,"column":6},"end":{"line":15,"column":55}},"11":{"start":{"line":19,"column":2},"end":{"line":19,"column":33}},"12":{"start":{"line":22,"column":26},"end":{"line":44,"column":1}},"13":{"start":{"line":23,"column":2},"end":{"line":27,"column":3}},"14":{"start":{"line":24,"column":18},"end":{"line":24,"column":49}},"15":{"start":{"line":25,"column":4},"end":{"line":25,"column":27}},"16":{"start":{"line":26,"column":4},"end":{"line":26,"column":16}},"17":{"start":{"line":29,"column":23},"end":{"line":29,"column":79}},"18":{"start":{"line":30,"column":2},"end":{"line":34,"column":3}},"19":{"start":{"line":31,"column":18},"end":{"line":31,"column":66}},"20":{"start":{"line":32,"column":4},"end":{"line":32,"column":27}},"21":{"start":{"line":33,"column":4},"end":{"line":33,"column":16}},"22":{"start":{"line":36,"column":19},"end":{"line":41,"column":3}},"23":{"start":{"line":43,"column":2},"end":{"line":43,"column":47}},"24":{"start":{"line":46,"column":26},"end":{"line":68,"column":1}},"25":{"start":{"line":47,"column":17},"end":{"line":47,"column":19}},"26":{"start":{"line":48,"column":2},"end":{"line":48,"column":70}},"27":{"start":{"line":48,"column":38},"end":{"line":48,"column":70}},"28":{"start":{"line":49,"column":2},"end":{"line":49,"column":79}},"29":{"start":{"line":49,"column":41},"end":{"line":49,"column":79}},"30":{"start":{"line":50,"column":2},"end":{"line":50,"column":90}},"31":{"start":{"line":50,"column":42},"end":{"line":50,"column":90}},"32":{"start":{"line":51,"column":2},"end":{"line":53,"column":3}},"33":{"start":{"line":52,"column":4},"end":{"line":52,"column":92}},"34":{"start":{"line":55,"column":2},"end":{"line":59,"column":3}},"35":{"start":{"line":56,"column":18},"end":{"line":56,"column":69}},"36":{"start":{"line":57,"column":4},"end":{"line":57,"column":27}},"37":{"start":{"line":58,"column":4},"end":{"line":58,"column":16}},"38":{"start":{"line":61,"column":17},"end":{"line":61,"column":68}},"39":{"start":{"line":62,"column":2},"end":{"line":66,"column":3}},"40":{"start":{"line":63,"column":18},"end":{"line":63,"column":52}},"41":{"start":{"line":64,"column":4},"end":{"line":64,"column":27}},"42":{"start":{"line":65,"column":4},"end":{"line":65,"column":16}},"43":{"start":{"line":67,"column":2},"end":{"line":67,"column":16}},"44":{"start":{"line":70,"column":26},"end":{"line":78,"column":1}},"45":{"start":{"line":71,"column":17},"end":{"line":71,"column":60}},"46":{"start":{"line":72,"column":2},"end":{"line":76,"column":3}},"47":{"start":{"line":73,"column":18},"end":{"line":73,"column":52}},"48":{"start":{"line":74,"column":4},"end":{"line":74,"column":27}},"49":{"start":{"line":75,"column":4},"end":{"line":75,"column":16}},"50":{"start":{"line":77,"column":2},"end":{"line":77,"column":16}},"51":{"start":{"line":80,"column":29},"end":{"line":95,"column":1}},"52":{"start":{"line":81,"column":2},"end":{"line":85,"column":3}},"53":{"start":{"line":82,"column":18},"end":{"line":82,"column":66}},"54":{"start":{"line":83,"column":4},"end":{"line":83,"column":27}},"55":{"start":{"line":84,"column":4},"end":{"line":84,"column":16}},"56":{"start":{"line":87,"column":22},"end":{"line":92,"column":3}},"57":{"start":{"line":94,"column":2},"end":{"line":94,"column":57}},"58":{"start":{"line":97,"column":29},"end":{"line":118,"column":1}},"59":{"start":{"line":98,"column":17},"end":{"line":98,"column":19}},"60":{"start":{"line":99,"column":2},"end":{"line":99,"column":70}},"61":{"start":{"line":99,"column":38},"end":{"line":99,"column":70}},"62":{"start":{"line":100,"column":2},"end":{"line":100,"column":90}},"63":{"start":{"line":100,"column":42},"end":{"line":100,"column":90}},"64":{"start":{"line":101,"column":2},"end":{"line":103,"column":3}},"65":{"start":{"line":102,"column":4},"end":{"line":102,"column":92}},"66":{"start":{"line":105,"column":2},"end":{"line":109,"column":3}},"67":{"start":{"line":106,"column":18},"end":{"line":106,"column":59}},"68":{"start":{"line":107,"column":4},"end":{"line":107,"column":27}},"69":{"start":{"line":108,"column":4},"end":{"line":108,"column":16}},"70":{"start":{"line":111,"column":17},"end":{"line":111,"column":78}},"71":{"start":{"line":112,"column":2},"end":{"line":116,"column":3}},"72":{"start":{"line":113,"column":18},"end":{"line":113,"column":57}},"73":{"start":{"line":114,"column":4},"end":{"line":114,"column":27}},"74":{"start":{"line":115,"column":4},"end":{"line":115,"column":16}},"75":{"start":{"line":117,"column":2},"end":{"line":117,"column":16}},"76":{"start":{"line":120,"column":29},"end":{"line":128,"column":1}},"77":{"start":{"line":121,"column":17},"end":{"line":121,"column":70}},"78":{"start":{"line":122,"column":2},"end":{"line":126,"column":3}},"79":{"start":{"line":123,"column":18},"end":{"line":123,"column":57}},"80":{"start":{"line":124,"column":4},"end":{"line":124,"column":27}},"81":{"start":{"line":125,"column":4},"end":{"line":125,"column":16}},"82":{"start":{"line":127,"column":2},"end":{"line":127,"column":16}},"83":{"start":{"line":130,"column":0},"end":{"line":138,"column":2}}},"fnMap":{"0":{"name":"(anonymous_0)","decl":{"start":{"line":3,"column":24},"end":{"line":3,"column":25}},"loc":{"start":{"line":3,"column":42},"end":{"line":20,"column":1}},"line":3},"1":{"name":"(anonymous_1)","decl":{"start":{"line":7,"column":32},"end":{"line":7,"column":33}},"loc":{"start":{"line":7,"column":47},"end":{"line":11,"column":3}},"line":7},"2":{"name":"(anonymous_2)","decl":{"start":{"line":13,"column":19},"end":{"line":13,"column":20}},"loc":{"start":{"line":13,"column":30},"end":{"line":17,"column":3}},"line":13},"3":{"name":"(anonymous_3)","decl":{"start":{"line":22,"column":26},"end":{"line":22,"column":27}},"loc":{"start":{"line":22,"column":75},"end":{"line":44,"column":1}},"line":22},"4":{"name":"(anonymous_4)","decl":{"start":{"line":46,"column":26},"end":{"line":46,"column":27}},"loc":{"start":{"line":46,"column":64},"end":{"line":68,"column":1}},"line":46},"5":{"name":"(anonymous_5)","decl":{"start":{"line":70,"column":26},"end":{"line":70,"column":27}},"loc":{"start":{"line":70,"column":52},"end":{"line":78,"column":1}},"line":70},"6":{"name":"(anonymous_6)","decl":{"start":{"line":80,"column":29},"end":{"line":80,"column":30}},"loc":{"start":{"line":80,"column":76},"end":{"line":95,"column":1}},"line":80},"7":{"name":"(anonymous_7)","decl":{"start":{"line":97,"column":29},"end":{"line":97,"column":30}},"loc":{"start":{"line":97,"column":70},"end":{"line":118,"column":1}},"line":97},"8":{"name":"(anonymous_8)","decl":{"start":{"line":120,"column":29},"end":{"line":120,"column":30}},"loc":{"start":{"line":120,"column":58},"end":{"line":128,"column":1}},"line":120}},"branchMap":{"0":{"loc":{"start":{"line":14,"column":4},"end":{"line":16,"column":5}},"type":"if","locations":[{"start":{"line":14,"column":4},"end":{"line":16,"column":5}},{"start":{},"end":{}}],"line":14},"1":{"loc":{"start":{"line":23,"column":2},"end":{"line":27,"column":3}},"type":"if","locations":[{"start":{"line":23,"column":2},"end":{"line":27,"column":3}},{"start":{},"end":{}}],"line":23},"2":{"loc":{"start":{"line":30,"column":2},"end":{"line":34,"column":3}},"type":"if","locations":[{"start":{"line":30,"column":2},"end":{"line":34,"column":3}},{"start":{},"end":{}}],"line":30},"3":{"loc":{"start":{"line":38,"column":14},"end":{"line":38,"column":34}},"type":"binary-expr","locations":[{"start":{"line":38,"column":14},"end":{"line":38,"column":22}},{"start":{"line":38,"column":26},"end":{"line":38,"column":34}}],"line":38},"4":{"loc":{"start":{"line":39,"column":13},"end":{"line":39,"column":80}},"type":"cond-expr","locations":[{"start":{"line":39,"column":53},"end":{"line":39,"column":69}},{"start":{"line":39,"column":72},"end":{"line":39,"column":80}}],"line":39},"5":{"loc":{"start":{"line":39,"column":14},"end":{"line":39,"column":49}},"type":"binary-expr","locations":[{"start":{"line":39,"column":14},"end":{"line":39,"column":23}},{"start":{"line":39,"column":27},"end":{"line":39,"column":49}}],"line":39},"6":{"loc":{"start":{"line":48,"column":2},"end":{"line":48,"column":70}},"type":"if","locations":[{"start":{"line":48,"column":2},"end":{"line":48,"column":70}},{"start":{},"end":{}}],"line":48},"7":{"loc":{"start":{"line":49,"column":2},"end":{"line":49,"column":79}},"type":"if","locations":[{"start":{"line":49,"column":2},"end":{"line":49,"column":79}},{"start":{},"end":{}}],"line":49},"8":{"loc":{"start":{"line":50,"column":2},"end":{"line":50,"column":90}},"type":"if","locations":[{"start":{"line":50,"column":2},"end":{"line":50,"column":90}},{"start":{},"end":{}}],"line":50},"9":{"loc":{"start":{"line":50,"column":61},"end":{"line":50,"column":89}},"type":"cond-expr","locations":[{"start":{"line":50,"column":84},"end":{"line":50,"column":85}},{"start":{"line":50,"column":88},"end":{"line":50,"column":89}}],"line":50},"10":{"loc":{"start":{"line":51,"column":2},"end":{"line":53,"column":3}},"type":"if","locations":[{"start":{"line":51,"column":2},"end":{"line":53,"column":3}},{"start":{},"end":{}}],"line":51},"11":{"loc":{"start":{"line":52,"column":22},"end":{"line":52,"column":91}},"type":"cond-expr","locations":[{"start":{"line":52,"column":53},"end":{"line":52,"column":69}},{"start":{"line":52,"column":72},"end":{"line":52,"column":91}}],"line":52},"12":{"loc":{"start":{"line":55,"column":2},"end":{"line":59,"column":3}},"type":"if","locations":[{"start":{"line":55,"column":2},"end":{"line":59,"column":3}},{"start":{},"end":{}}],"line":55},"13":{"loc":{"start":{"line":62,"column":2},"end":{"line":66,"column":3}},"type":"if","locations":[{"start":{"line":62,"column":2},"end":{"line":66,"column":3}},{"start":{},"end":{}}],"line":62},"14":{"loc":{"start":{"line":72,"column":2},"end":{"line":76,"column":3}},"type":"if","locations":[{"start":{"line":72,"column":2},"end":{"line":76,"column":3}},{"start":{},"end":{}}],"line":72},"15":{"loc":{"start":{"line":81,"column":2},"end":{"line":85,"column":3}},"type":"if","locations":[{"start":{"line":81,"column":2},"end":{"line":85,"column":3}},{"start":{},"end":{}}],"line":81},"16":{"loc":{"start":{"line":89,"column":13},"end":{"line":89,"column":80}},"type":"cond-expr","locations":[{"start":{"line":89,"column":53},"end":{"line":89,"column":69}},{"start":{"line":89,"column":72},"end":{"line":89,"column":80}}],"line":89},"17":{"loc":{"start":{"line":89,"column":14},"end":{"line":89,"column":49}},"type":"binary-expr","locations":[{"start":{"line":89,"column":14},"end":{"line":89,"column":23}},{"start":{"line":89,"column":27},"end":{"line":89,"column":49}}],"line":89},"18":{"loc":{"start":{"line":99,"column":2},"end":{"line":99,"column":70}},"type":"if","locations":[{"start":{"line":99,"column":2},"end":{"line":99,"column":70}},{"start":{},"end":{}}],"line":99},"19":{"loc":{"start":{"line":100,"column":2},"end":{"line":100,"column":90}},"type":"if","locations":[{"start":{"line":100,"column":2},"end":{"line":100,"column":90}},{"start":{},"end":{}}],"line":100},"20":{"loc":{"start":{"line":100,"column":61},"end":{"line":100,"column":89}},"type":"cond-expr","locations":[{"start":{"line":100,"column":84},"end":{"line":100,"column":85}},{"start":{"line":100,"column":88},"end":{"line":100,"column":89}}],"line":100},"21":{"loc":{"start":{"line":101,"column":2},"end":{"line":103,"column":3}},"type":"if","locations":[{"start":{"line":101,"column":2},"end":{"line":103,"column":3}},{"start":{},"end":{}}],"line":101},"22":{"loc":{"start":{"line":102,"column":22},"end":{"line":102,"column":91}},"type":"cond-expr","locations":[{"start":{"line":102,"column":53},"end":{"line":102,"column":69}},{"start":{"line":102,"column":72},"end":{"line":102,"column":91}}],"line":102},"23":{"loc":{"start":{"line":105,"column":2},"end":{"line":109,"column":3}},"type":"if","locations":[{"start":{"line":105,"column":2},"end":{"line":109,"column":3}},{"start":{},"end":{}}],"line":105},"24":{"loc":{"start":{"line":112,"column":2},"end":{"line":116,"column":3}},"type":"if","locations":[{"start":{"line":112,"column":2},"end":{"line":116,"column":3}},{"start":{},"end":{}}],"line":112},"25":{"loc":{"start":{"line":122,"column":2},"end":{"line":126,"column":3}},"type":"if","locations":[{"start":{"line":122,"column":2},"end":{"line":126,"column":3}},{"start":{},"end":{}}],"line":122}},"s":{"0":4,"1":4,"2":5,"3":4,"4":4,"5":4,"6":4,"7":4,"8":4,"9":1,"10":1,"11":4,"12":4,"13":5,"14":1,"15":1,"16":1,"17":4,"18":4,"19":1,"20":1,"21":1,"22":3,"23":3,"24":4,"25":5,"26":5,"27":3,"28":5,"29":0,"30":5,"31":3,"32":5,"33":0,"34":5,"35":1,"36":1,"37":1,"38":4,"39":4,"40":1,"41":1,"42":1,"43":3,"44":4,"45":3,"46":3,"47":1,"48":1,"49":1,"50":2,"51":4,"52":3,"53":1,"54":1,"55":1,"56":2,"57":2,"58":4,"59":3,"60":3,"61":1,"62":3,"63":3,"64":3,"65":0,"66":3,"67":0,"68":0,"69":0,"70":3,"71":3,"72":1,"73":1,"74":1,"75":2,"76":4,"77":3,"78":3,"79":1,"80":1,"81":1,"82":2,"83":4},"f":{"0":5,"1":4,"2":1,"3":5,"4":5,"5":3,"6":3,"7":3,"8":3},"b":{"0":[1,0],"1":[1,4],"2":[1,3],"3":[3,3],"4":[3,0],"5":[3,0],"6":[3,2],"7":[0,5],"8":[3,2],"9":[2,1],"10":[0,5],"11":[0,0],"12":[1,4],"13":[1,3],"14":[1,2],"15":[1,2],"16":[2,0],"17":[2,0],"18":[1,2],"19":[3,0],"20":[3,0],"21":[0,3],"22":[0,0],"23":[0,3],"24":[1,2],"25":[1,2]},"_coverageSchema":"1a1c01bbd47fc00a2c39e90264f33305004495a9","hash":"ebee1c0784477c16533eb85d2667a17e0a1efe4d"}
}
