{"C:\\Users\\223133354\\Desktop\\taskmanager\\backend\\src\\db.js": {"path":"C:\\Users\\223133354\\Desktop\\taskmanager\\backend\\src\\db.js","statementMap":{"0":{"start":{"line":1,"column":16},"end":{"line":1,"column":44}},"1":{"start":{"line":3,"column":18},"end":{"line":3,"column":33}},"2":{"start":{"line":5,"column":11},"end":{"line":11,"column":2}},"3":{"start":{"line":6,"column":2},"end":{"line":9,"column":3}},"4":{"start":{"line":7,"column":4},"end":{"line":7,"column":31}},"5":{"start":{"line":8,"column":4},"end":{"line":8,"column":14}},"6":{"start":{"line":10,"column":2},"end":{"line":10,"column":53}},"7":{"start":{"line":13,"column":0},"end":{"line":50,"column":3}},"8":{"start":{"line":14,"column":2},"end":{"line":22,"column":5}},"9":{"start":{"line":21,"column":4},"end":{"line":21,"column":73}},"10":{"start":{"line":21,"column":13},"end":{"line":21,"column":73}},"11":{"start":{"line":24,"column":2},"end":{"line":37,"column":5}},"12":{"start":{"line":32,"column":4},"end":{"line":36,"column":5}},"13":{"start":{"line":33,"column":6},"end":{"line":33,"column":69}},"14":{"start":{"line":35,"column":6},"end":{"line":35,"column":62}},"15":{"start":{"line":39,"column":2},"end":{"line":49,"column":5}},"16":{"start":{"line":44,"column":4},"end":{"line":48,"column":5}},"17":{"start":{"line":45,"column":6},"end":{"line":45,"column":66}},"18":{"start":{"line":47,"column":6},"end":{"line":47,"column":47}},"19":{"start":{"line":52,"column":0},"end":{"line":52,"column":20}}},"fnMap":{"0":{"name":"(anonymous_0)","decl":{"start":{"line":5,"column":43},"end":{"line":5,"column":44}},"loc":{"start":{"line":5,"column":52},"end":{"line":11,"column":1}},"line":5},"1":{"name":"(anonymous_1)","decl":{"start":{"line":13,"column":13},"end":{"line":13,"column":14}},"loc":{"start":{"line":13,"column":19},"end":{"line":50,"column":1}},"line":13},"2":{"name":"(anonymous_2)","decl":{"start":{"line":20,"column":6},"end":{"line":20,"column":7}},"loc":{"start":{"line":20,"column":15},"end":{"line":22,"column":3}},"line":20},"3":{"name":"(anonymous_3)","decl":{"start":{"line":31,"column":6},"end":{"line":31,"column":7}},"loc":{"start":{"line":31,"column":15},"end":{"line":37,"column":3}},"line":31},"4":{"name":"(anonymous_4)","decl":{"start":{"line":43,"column":6},"end":{"line":43,"column":7}},"loc":{"start":{"line":43,"column":15},"end":{"line":49,"column":3}},"line":43}},"branchMap":{"0":{"loc":{"start":{"line":6,"column":2},"end":{"line":9,"column":3}},"type":"if","locations":[{"start":{"line":6,"column":2},"end":{"line":9,"column":3}},{"start":{},"end":{}}],"line":6},"1":{"loc":{"start":{"line":21,"column":4},"end":{"line":21,"column":73}},"type":"if","locations":[{"start":{"line":21,"column":4},"end":{"line":21,"column":73}},{"start":{},"end":{}}],"line":21},"2":{"loc":{"start":{"line":32,"column":4},"end":{"line":36,"column":5}},"type":"if","locations":[{"start":{"line":32,"column":4},"end":{"line":36,"column":5}},{"start":{"line":34,"column":11},"end":{"line":36,"column":5}}],"line":32},"3":{"loc":{"start":{"line":44,"column":4},"end":{"line":48,"column":5}},"type":"if","locations":[{"start":{"line":44,"column":4},"end":{"line":48,"column":5}},{"start":{"line":46,"column":11},"end":{"line":48,"column":5}}],"line":44}},"s":{"0":1,"1":1,"2":1,"3":1,"4":0,"5":0,"6":1,"7":1,"8":1,"9":1,"10":0,"11":1,"12":1,"13":0,"14":1,"15":1,"16":1,"17":0,"18":1,"19":1},"f":{"0":1,"1":1,"2":1,"3":1,"4":1},"b":{"0":[0,1],"1":[0,1],"2":[0,1],"3":[0,1]},"_coverageSchema":"1a1c01bbd47fc00a2c39e90264f33305004495a9","hash":"b0fde83bd7926dd79c31530c69ae44f8d27412de"}
,"C:\\Users\\223133354\\Desktop\\taskmanager\\backend\\src\\index.js": {"path":"C:\\Users\\223133354\\Desktop\\taskmanager\\backend\\src\\index.js","statementMap":{"0":{"start":{"line":1,"column":16},"end":{"line":1,"column":34}},"1":{"start":{"line":2,"column":13},"end":{"line":2,"column":28}},"2":{"start":{"line":3,"column":15},"end":{"line":3,"column":34}},"3":{"start":{"line":4,"column":12},"end":{"line":4,"column":35}},"4":{"start":{"line":5,"column":11},"end":{"line":5,"column":26}},"5":{"start":{"line":7,"column":12},"end":{"line":7,"column":21}},"6":{"start":{"line":8,"column":0},"end":{"line":8,"column":24}},"7":{"start":{"line":11,"column":19},"end":{"line":11,"column":35}},"8":{"start":{"line":14,"column":19},"end":{"line":14,"column":62}},"9":{"start":{"line":15,"column":0},"end":{"line":15,"column":36}},"10":{"start":{"line":18,"column":0},"end":{"line":39,"column":3}},"11":{"start":{"line":19,"column":33},"end":{"line":19,"column":41}},"12":{"start":{"line":20,"column":2},"end":{"line":22,"column":3}},"13":{"start":{"line":21,"column":4},"end":{"line":21,"column":88}},"14":{"start":{"line":24,"column":2},"end":{"line":38,"column":3}},"15":{"start":{"line":25,"column":27},"end":{"line":25,"column":58}},"16":{"start":{"line":26,"column":16},"end":{"line":26,"column":70}},"17":{"start":{"line":27,"column":4},"end":{"line":35,"column":7}},"18":{"start":{"line":28,"column":6},"end":{"line":33,"column":7}},"19":{"start":{"line":29,"column":8},"end":{"line":31,"column":9}},"20":{"start":{"line":30,"column":10},"end":{"line":30,"column":79}},"21":{"start":{"line":32,"column":8},"end":{"line":32,"column":60}},"22":{"start":{"line":34,"column":6},"end":{"line":34,"column":75}},"23":{"start":{"line":37,"column":4},"end":{"line":37,"column":69}},"24":{"start":{"line":42,"column":0},"end":{"line":65,"column":3}},"25":{"start":{"line":43,"column":33},"end":{"line":43,"column":41}},"26":{"start":{"line":44,"column":2},"end":{"line":46,"column":3}},"27":{"start":{"line":45,"column":4},"end":{"line":45,"column":88}},"28":{"start":{"line":48,"column":14},"end":{"line":48,"column":54}},"29":{"start":{"line":49,"column":2},"end":{"line":64,"column":5}},"30":{"start":{"line":50,"column":4},"end":{"line":52,"column":5}},"31":{"start":{"line":51,"column":6},"end":{"line":51,"column":58}},"32":{"start":{"line":53,"column":4},"end":{"line":55,"column":5}},"33":{"start":{"line":54,"column":6},"end":{"line":54,"column":71}},"34":{"start":{"line":57,"column":26},"end":{"line":57,"column":71}},"35":{"start":{"line":58,"column":4},"end":{"line":60,"column":5}},"36":{"start":{"line":59,"column":6},"end":{"line":59,"column":71}},"37":{"start":{"line":62,"column":18},"end":{"line":62,"column":101}},"38":{"start":{"line":63,"column":4},"end":{"line":63,"column":56}},"39":{"start":{"line":69,"column":21},"end":{"line":69,"column":49}},"40":{"start":{"line":70,"column":16},"end":{"line":70,"column":54}},"41":{"start":{"line":71,"column":2},"end":{"line":71,"column":48}},"42":{"start":{"line":71,"column":21},"end":{"line":71,"column":48}},"43":{"start":{"line":73,"column":2},"end":{"line":77,"column":5}},"44":{"start":{"line":74,"column":4},"end":{"line":74,"column":40}},"45":{"start":{"line":74,"column":13},"end":{"line":74,"column":40}},"46":{"start":{"line":75,"column":4},"end":{"line":75,"column":20}},"47":{"start":{"line":76,"column":4},"end":{"line":76,"column":11}},"48":{"start":{"line":81,"column":0},"end":{"line":81,"column":41}},"49":{"start":{"line":82,"column":0},"end":{"line":82,"column":44}},"50":{"start":{"line":85,"column":0},"end":{"line":110,"column":3}},"51":{"start":{"line":86,"column":19},"end":{"line":86,"column":52}},"52":{"start":{"line":87,"column":22},"end":{"line":87,"column":58}},"53":{"start":{"line":89,"column":2},"end":{"line":109,"column":5}},"54":{"start":{"line":90,"column":4},"end":{"line":90,"column":65}},"55":{"start":{"line":90,"column":13},"end":{"line":90,"column":65}},"56":{"start":{"line":92,"column":4},"end":{"line":108,"column":7}},"57":{"start":{"line":93,"column":6},"end":{"line":93,"column":67}},"58":{"start":{"line":93,"column":15},"end":{"line":93,"column":67}},"59":{"start":{"line":95,"column":23},"end":{"line":99,"column":12}},"60":{"start":{"line":96,"column":8},"end":{"line":96,"column":27}},"61":{"start":{"line":97,"column":8},"end":{"line":97,"column":28}},"62":{"start":{"line":98,"column":8},"end":{"line":98,"column":19}},"63":{"start":{"line":101,"column":6},"end":{"line":105,"column":9}},"64":{"start":{"line":102,"column":8},"end":{"line":104,"column":9}},"65":{"start":{"line":103,"column":10},"end":{"line":103,"column":59}},"66":{"start":{"line":107,"column":6},"end":{"line":107,"column":40}},"67":{"start":{"line":113,"column":0},"end":{"line":136,"column":3}},"68":{"start":{"line":114,"column":40},"end":{"line":114,"column":48}},"69":{"start":{"line":115,"column":2},"end":{"line":115,"column":75}},"70":{"start":{"line":115,"column":14},"end":{"line":115,"column":75}},"71":{"start":{"line":117,"column":19},"end":{"line":117,"column":57}},"72":{"start":{"line":118,"column":2},"end":{"line":135,"column":5}},"73":{"start":{"line":119,"column":4},"end":{"line":119,"column":65}},"74":{"start":{"line":119,"column":13},"end":{"line":119,"column":65}},"75":{"start":{"line":120,"column":4},"end":{"line":120,"column":91}},"76":{"start":{"line":120,"column":13},"end":{"line":120,"column":91}},"77":{"start":{"line":122,"column":25},"end":{"line":122,"column":45}},"78":{"start":{"line":123,"column":24},"end":{"line":123,"column":91}},"79":{"start":{"line":124,"column":22},"end":{"line":124,"column":86}},"80":{"start":{"line":125,"column":4},"end":{"line":134,"column":7}},"81":{"start":{"line":126,"column":6},"end":{"line":126,"column":67}},"82":{"start":{"line":126,"column":15},"end":{"line":126,"column":67}},"83":{"start":{"line":127,"column":6},"end":{"line":133,"column":9}},"84":{"start":{"line":139,"column":0},"end":{"line":163,"column":3}},"85":{"start":{"line":140,"column":13},"end":{"line":140,"column":26}},"86":{"start":{"line":141,"column":51},"end":{"line":141,"column":59}},"87":{"start":{"line":142,"column":21},"end":{"line":142,"column":23}},"88":{"start":{"line":142,"column":34},"end":{"line":142,"column":36}},"89":{"start":{"line":144,"column":2},"end":{"line":144,"column":82}},"90":{"start":{"line":144,"column":29},"end":{"line":144,"column":60}},"91":{"start":{"line":144,"column":61},"end":{"line":144,"column":80}},"92":{"start":{"line":145,"column":2},"end":{"line":145,"column":91}},"93":{"start":{"line":145,"column":32},"end":{"line":145,"column":66}},"94":{"start":{"line":145,"column":67},"end":{"line":145,"column":89}},"95":{"start":{"line":146,"column":2},"end":{"line":150,"column":3}},"96":{"start":{"line":147,"column":29},"end":{"line":147,"column":76}},"97":{"start":{"line":148,"column":6},"end":{"line":148,"column":40}},"98":{"start":{"line":149,"column":6},"end":{"line":149,"column":34}},"99":{"start":{"line":151,"column":2},"end":{"line":151,"column":102}},"100":{"start":{"line":151,"column":33},"end":{"line":151,"column":68}},"101":{"start":{"line":151,"column":69},"end":{"line":151,"column":100}},"102":{"start":{"line":153,"column":2},"end":{"line":153,"column":114}},"103":{"start":{"line":153,"column":33},"end":{"line":153,"column":114}},"104":{"start":{"line":155,"column":2},"end":{"line":155,"column":18}},"105":{"start":{"line":156,"column":14},"end":{"line":156,"column":72}},"106":{"start":{"line":158,"column":2},"end":{"line":162,"column":5}},"107":{"start":{"line":159,"column":4},"end":{"line":159,"column":65}},"108":{"start":{"line":159,"column":13},"end":{"line":159,"column":65}},"109":{"start":{"line":160,"column":4},"end":{"line":160,"column":92}},"110":{"start":{"line":160,"column":28},"end":{"line":160,"column":92}},"111":{"start":{"line":161,"column":4},"end":{"line":161,"column":59}},"112":{"start":{"line":166,"column":0},"end":{"line":173,"column":3}},"113":{"start":{"line":167,"column":13},"end":{"line":167,"column":26}},"114":{"start":{"line":168,"column":2},"end":{"line":172,"column":5}},"115":{"start":{"line":169,"column":4},"end":{"line":169,"column":65}},"116":{"start":{"line":169,"column":13},"end":{"line":169,"column":65}},"117":{"start":{"line":170,"column":4},"end":{"line":170,"column":92}},"118":{"start":{"line":170,"column":28},"end":{"line":170,"column":92}},"119":{"start":{"line":171,"column":4},"end":{"line":171,"column":27}},"120":{"start":{"line":176,"column":0},"end":{"line":197,"column":3}},"121":{"start":{"line":177,"column":30},"end":{"line":177,"column":38}},"122":{"start":{"line":178,"column":17},"end":{"line":178,"column":34}},"123":{"start":{"line":180,"column":2},"end":{"line":182,"column":3}},"124":{"start":{"line":181,"column":4},"end":{"line":181,"column":82}},"125":{"start":{"line":184,"column":25},"end":{"line":184,"column":92}},"126":{"start":{"line":185,"column":14},"end":{"line":185,"column":80}},"127":{"start":{"line":187,"column":2},"end":{"line":196,"column":5}},"128":{"start":{"line":188,"column":4},"end":{"line":188,"column":65}},"129":{"start":{"line":188,"column":13},"end":{"line":188,"column":65}},"130":{"start":{"line":189,"column":4},"end":{"line":195,"column":7}},"131":{"start":{"line":199,"column":0},"end":{"line":232,"column":3}},"132":{"start":{"line":200,"column":41},"end":{"line":200,"column":49}},"133":{"start":{"line":201,"column":13},"end":{"line":201,"column":26}},"134":{"start":{"line":203,"column":21},"end":{"line":203,"column":23}},"135":{"start":{"line":204,"column":15},"end":{"line":204,"column":17}},"136":{"start":{"line":206,"column":2},"end":{"line":209,"column":3}},"137":{"start":{"line":207,"column":4},"end":{"line":207,"column":35}},"138":{"start":{"line":208,"column":4},"end":{"line":208,"column":23}},"139":{"start":{"line":210,"column":2},"end":{"line":214,"column":3}},"140":{"start":{"line":211,"column":29},"end":{"line":211,"column":76}},"141":{"start":{"line":212,"column":6},"end":{"line":212,"column":40}},"142":{"start":{"line":213,"column":6},"end":{"line":213,"column":34}},"143":{"start":{"line":215,"column":2},"end":{"line":218,"column":3}},"144":{"start":{"line":216,"column":4},"end":{"line":216,"column":39}},"145":{"start":{"line":217,"column":4},"end":{"line":217,"column":35}},"146":{"start":{"line":220,"column":2},"end":{"line":222,"column":3}},"147":{"start":{"line":221,"column":4},"end":{"line":221,"column":75}},"148":{"start":{"line":224,"column":2},"end":{"line":224,"column":18}},"149":{"start":{"line":225,"column":14},"end":{"line":225,"column":75}},"150":{"start":{"line":227,"column":2},"end":{"line":231,"column":5}},"151":{"start":{"line":228,"column":4},"end":{"line":228,"column":65}},"152":{"start":{"line":228,"column":13},"end":{"line":228,"column":65}},"153":{"start":{"line":229,"column":4},"end":{"line":229,"column":97}},"154":{"start":{"line":229,"column":28},"end":{"line":229,"column":97}},"155":{"start":{"line":230,"column":4},"end":{"line":230,"column":64}},"156":{"start":{"line":234,"column":0},"end":{"line":242,"column":3}},"157":{"start":{"line":235,"column":13},"end":{"line":235,"column":26}},"158":{"start":{"line":236,"column":14},"end":{"line":236,"column":49}},"159":{"start":{"line":237,"column":2},"end":{"line":241,"column":5}},"160":{"start":{"line":238,"column":4},"end":{"line":238,"column":65}},"161":{"start":{"line":238,"column":13},"end":{"line":238,"column":65}},"162":{"start":{"line":239,"column":4},"end":{"line":239,"column":97}},"163":{"start":{"line":239,"column":28},"end":{"line":239,"column":97}},"164":{"start":{"line":240,"column":4},"end":{"line":240,"column":27}},"165":{"start":{"line":245,"column":0},"end":{"line":247,"column":3}},"166":{"start":{"line":246,"column":2},"end":{"line":246,"column":52}},"167":{"start":{"line":249,"column":0},"end":{"line":251,"column":1}},"168":{"start":{"line":250,"column":2},"end":{"line":250,"column":71}},"169":{"start":{"line":250,"column":25},"end":{"line":250,"column":69}},"170":{"start":{"line":253,"column":0},"end":{"line":253,"column":21}}},"fnMap":{"0":{"name":"(anonymous_0)","decl":{"start":{"line":18,"column":26},"end":{"line":18,"column":27}},"loc":{"start":{"line":18,"column":46},"end":{"line":39,"column":1}},"line":18},"1":{"name":"(anonymous_1)","decl":{"start":{"line":27,"column":44},"end":{"line":27,"column":45}},"loc":{"start":{"line":27,"column":59},"end":{"line":35,"column":5}},"line":27},"2":{"name":"(anonymous_2)","decl":{"start":{"line":42,"column":23},"end":{"line":42,"column":24}},"loc":{"start":{"line":42,"column":37},"end":{"line":65,"column":1}},"line":42},"3":{"name":"(anonymous_3)","decl":{"start":{"line":49,"column":26},"end":{"line":49,"column":27}},"loc":{"start":{"line":49,"column":47},"end":{"line":64,"column":3}},"line":49},"4":{"name":"authenticateToken","decl":{"start":{"line":68,"column":9},"end":{"line":68,"column":26}},"loc":{"start":{"line":68,"column":43},"end":{"line":78,"column":1}},"line":68},"5":{"name":"(anonymous_5)","decl":{"start":{"line":73,"column":32},"end":{"line":73,"column":33}},"loc":{"start":{"line":73,"column":47},"end":{"line":77,"column":3}},"line":73},"6":{"name":"(anonymous_6)","decl":{"start":{"line":85,"column":22},"end":{"line":85,"column":23}},"loc":{"start":{"line":85,"column":36},"end":{"line":110,"column":1}},"line":85},"7":{"name":"(anonymous_7)","decl":{"start":{"line":89,"column":23},"end":{"line":89,"column":24}},"loc":{"start":{"line":89,"column":39},"end":{"line":109,"column":3}},"line":89},"8":{"name":"(anonymous_8)","decl":{"start":{"line":92,"column":28},"end":{"line":92,"column":29}},"loc":{"start":{"line":92,"column":47},"end":{"line":108,"column":5}},"line":92},"9":{"name":"(anonymous_9)","decl":{"start":{"line":95,"column":36},"end":{"line":95,"column":37}},"loc":{"start":{"line":95,"column":51},"end":{"line":99,"column":7}},"line":95},"10":{"name":"(anonymous_10)","decl":{"start":{"line":101,"column":23},"end":{"line":101,"column":24}},"loc":{"start":{"line":101,"column":34},"end":{"line":105,"column":7}},"line":101},"11":{"name":"(anonymous_11)","decl":{"start":{"line":113,"column":23},"end":{"line":113,"column":24}},"loc":{"start":{"line":113,"column":37},"end":{"line":136,"column":1}},"line":113},"12":{"name":"(anonymous_12)","decl":{"start":{"line":118,"column":28},"end":{"line":118,"column":29}},"loc":{"start":{"line":118,"column":42},"end":{"line":135,"column":3}},"line":118},"13":{"name":"(anonymous_13)","decl":{"start":{"line":125,"column":58},"end":{"line":125,"column":59}},"loc":{"start":{"line":125,"column":73},"end":{"line":134,"column":5}},"line":125},"14":{"name":"(anonymous_14)","decl":{"start":{"line":139,"column":26},"end":{"line":139,"column":27}},"loc":{"start":{"line":139,"column":40},"end":{"line":163,"column":1}},"line":139},"15":{"name":"(anonymous_15)","decl":{"start":{"line":158,"column":22},"end":{"line":158,"column":23}},"loc":{"start":{"line":158,"column":37},"end":{"line":162,"column":3}},"line":158},"16":{"name":"(anonymous_16)","decl":{"start":{"line":166,"column":29},"end":{"line":166,"column":30}},"loc":{"start":{"line":166,"column":43},"end":{"line":173,"column":1}},"line":166},"17":{"name":"(anonymous_17)","decl":{"start":{"line":168,"column":47},"end":{"line":168,"column":48}},"loc":{"start":{"line":168,"column":62},"end":{"line":172,"column":3}},"line":168},"18":{"name":"(anonymous_18)","decl":{"start":{"line":176,"column":40},"end":{"line":176,"column":41}},"loc":{"start":{"line":176,"column":54},"end":{"line":197,"column":1}},"line":176},"19":{"name":"(anonymous_19)","decl":{"start":{"line":187,"column":47},"end":{"line":187,"column":48}},"loc":{"start":{"line":187,"column":62},"end":{"line":196,"column":3}},"line":187},"20":{"name":"(anonymous_20)","decl":{"start":{"line":199,"column":29},"end":{"line":199,"column":30}},"loc":{"start":{"line":199,"column":43},"end":{"line":232,"column":1}},"line":199},"21":{"name":"(anonymous_21)","decl":{"start":{"line":227,"column":22},"end":{"line":227,"column":23}},"loc":{"start":{"line":227,"column":37},"end":{"line":231,"column":3}},"line":227},"22":{"name":"(anonymous_22)","decl":{"start":{"line":234,"column":32},"end":{"line":234,"column":33}},"loc":{"start":{"line":234,"column":46},"end":{"line":242,"column":1}},"line":234},"23":{"name":"(anonymous_23)","decl":{"start":{"line":237,"column":20},"end":{"line":237,"column":21}},"loc":{"start":{"line":237,"column":35},"end":{"line":241,"column":3}},"line":237},"24":{"name":"(anonymous_24)","decl":{"start":{"line":245,"column":24},"end":{"line":245,"column":25}},"loc":{"start":{"line":245,"column":38},"end":{"line":247,"column":1}},"line":245},"25":{"name":"(anonymous_25)","decl":{"start":{"line":250,"column":19},"end":{"line":250,"column":20}},"loc":{"start":{"line":250,"column":25},"end":{"line":250,"column":69}},"line":250}},"branchMap":{"0":{"loc":{"start":{"line":20,"column":2},"end":{"line":22,"column":3}},"type":"if","locations":[{"start":{"line":20,"column":2},"end":{"line":22,"column":3}},{"start":{},"end":{}}],"line":20},"1":{"loc":{"start":{"line":20,"column":6},"end":{"line":20,"column":28}},"type":"binary-expr","locations":[{"start":{"line":20,"column":6},"end":{"line":20,"column":15}},{"start":{"line":20,"column":19},"end":{"line":20,"column":28}}],"line":20},"2":{"loc":{"start":{"line":28,"column":6},"end":{"line":33,"column":7}},"type":"if","locations":[{"start":{"line":28,"column":6},"end":{"line":33,"column":7}},{"start":{},"end":{}}],"line":28},"3":{"loc":{"start":{"line":29,"column":8},"end":{"line":31,"column":9}},"type":"if","locations":[{"start":{"line":29,"column":8},"end":{"line":31,"column":9}},{"start":{},"end":{}}],"line":29},"4":{"loc":{"start":{"line":44,"column":2},"end":{"line":46,"column":3}},"type":"if","locations":[{"start":{"line":44,"column":2},"end":{"line":46,"column":3}},{"start":{},"end":{}}],"line":44},"5":{"loc":{"start":{"line":44,"column":6},"end":{"line":44,"column":28}},"type":"binary-expr","locations":[{"start":{"line":44,"column":6},"end":{"line":44,"column":15}},{"start":{"line":44,"column":19},"end":{"line":44,"column":28}}],"line":44},"6":{"loc":{"start":{"line":50,"column":4},"end":{"line":52,"column":5}},"type":"if","locations":[{"start":{"line":50,"column":4},"end":{"line":52,"column":5}},{"start":{},"end":{}}],"line":50},"7":{"loc":{"start":{"line":53,"column":4},"end":{"line":55,"column":5}},"type":"if","locations":[{"start":{"line":53,"column":4},"end":{"line":55,"column":5}},{"start":{},"end":{}}],"line":53},"8":{"loc":{"start":{"line":58,"column":4},"end":{"line":60,"column":5}},"type":"if","locations":[{"start":{"line":58,"column":4},"end":{"line":60,"column":5}},{"start":{},"end":{}}],"line":58},"9":{"loc":{"start":{"line":70,"column":16},"end":{"line":70,"column":54}},"type":"binary-expr","locations":[{"start":{"line":70,"column":16},"end":{"line":70,"column":26}},{"start":{"line":70,"column":30},"end":{"line":70,"column":54}}],"line":70},"10":{"loc":{"start":{"line":71,"column":2},"end":{"line":71,"column":48}},"type":"if","locations":[{"start":{"line":71,"column":2},"end":{"line":71,"column":48}},{"start":{},"end":{}}],"line":71},"11":{"loc":{"start":{"line":74,"column":4},"end":{"line":74,"column":40}},"type":"if","locations":[{"start":{"line":74,"column":4},"end":{"line":74,"column":40}},{"start":{},"end":{}}],"line":74},"12":{"loc":{"start":{"line":90,"column":4},"end":{"line":90,"column":65}},"type":"if","locations":[{"start":{"line":90,"column":4},"end":{"line":90,"column":65}},{"start":{},"end":{}}],"line":90},"13":{"loc":{"start":{"line":93,"column":6},"end":{"line":93,"column":67}},"type":"if","locations":[{"start":{"line":93,"column":6},"end":{"line":93,"column":67}},{"start":{},"end":{}}],"line":93},"14":{"loc":{"start":{"line":102,"column":8},"end":{"line":104,"column":9}},"type":"if","locations":[{"start":{"line":102,"column":8},"end":{"line":104,"column":9}},{"start":{},"end":{}}],"line":102},"15":{"loc":{"start":{"line":115,"column":2},"end":{"line":115,"column":75}},"type":"if","locations":[{"start":{"line":115,"column":2},"end":{"line":115,"column":75}},{"start":{},"end":{}}],"line":115},"16":{"loc":{"start":{"line":119,"column":4},"end":{"line":119,"column":65}},"type":"if","locations":[{"start":{"line":119,"column":4},"end":{"line":119,"column":65}},{"start":{},"end":{}}],"line":119},"17":{"loc":{"start":{"line":120,"column":4},"end":{"line":120,"column":91}},"type":"if","locations":[{"start":{"line":120,"column":4},"end":{"line":120,"column":91}},{"start":{},"end":{}}],"line":120},"18":{"loc":{"start":{"line":122,"column":25},"end":{"line":122,"column":45}},"type":"binary-expr","locations":[{"start":{"line":122,"column":25},"end":{"line":122,"column":33}},{"start":{"line":122,"column":37},"end":{"line":122,"column":45}}],"line":122},"19":{"loc":{"start":{"line":123,"column":24},"end":{"line":123,"column":91}},"type":"cond-expr","locations":[{"start":{"line":123,"column":64},"end":{"line":123,"column":80}},{"start":{"line":123,"column":83},"end":{"line":123,"column":91}}],"line":123},"20":{"loc":{"start":{"line":123,"column":25},"end":{"line":123,"column":60}},"type":"binary-expr","locations":[{"start":{"line":123,"column":25},"end":{"line":123,"column":34}},{"start":{"line":123,"column":38},"end":{"line":123,"column":60}}],"line":123},"21":{"loc":{"start":{"line":126,"column":6},"end":{"line":126,"column":67}},"type":"if","locations":[{"start":{"line":126,"column":6},"end":{"line":126,"column":67}},{"start":{},"end":{}}],"line":126},"22":{"loc":{"start":{"line":144,"column":2},"end":{"line":144,"column":82}},"type":"if","locations":[{"start":{"line":144,"column":2},"end":{"line":144,"column":82}},{"start":{},"end":{}}],"line":144},"23":{"loc":{"start":{"line":145,"column":2},"end":{"line":145,"column":91}},"type":"if","locations":[{"start":{"line":145,"column":2},"end":{"line":145,"column":91}},{"start":{},"end":{}}],"line":145},"24":{"loc":{"start":{"line":146,"column":2},"end":{"line":150,"column":3}},"type":"if","locations":[{"start":{"line":146,"column":2},"end":{"line":150,"column":3}},{"start":{},"end":{}}],"line":146},"25":{"loc":{"start":{"line":147,"column":29},"end":{"line":147,"column":76}},"type":"cond-expr","locations":[{"start":{"line":147,"column":49},"end":{"line":147,"column":65}},{"start":{"line":147,"column":68},"end":{"line":147,"column":76}}],"line":147},"26":{"loc":{"start":{"line":151,"column":2},"end":{"line":151,"column":102}},"type":"if","locations":[{"start":{"line":151,"column":2},"end":{"line":151,"column":102}},{"start":{},"end":{}}],"line":151},"27":{"loc":{"start":{"line":151,"column":81},"end":{"line":151,"column":98}},"type":"cond-expr","locations":[{"start":{"line":151,"column":93},"end":{"line":151,"column":94}},{"start":{"line":151,"column":97},"end":{"line":151,"column":98}}],"line":151},"28":{"loc":{"start":{"line":153,"column":2},"end":{"line":153,"column":114}},"type":"if","locations":[{"start":{"line":153,"column":2},"end":{"line":153,"column":114}},{"start":{},"end":{}}],"line":153},"29":{"loc":{"start":{"line":159,"column":4},"end":{"line":159,"column":65}},"type":"if","locations":[{"start":{"line":159,"column":4},"end":{"line":159,"column":65}},{"start":{},"end":{}}],"line":159},"30":{"loc":{"start":{"line":160,"column":4},"end":{"line":160,"column":92}},"type":"if","locations":[{"start":{"line":160,"column":4},"end":{"line":160,"column":92}},{"start":{},"end":{}}],"line":160},"31":{"loc":{"start":{"line":169,"column":4},"end":{"line":169,"column":65}},"type":"if","locations":[{"start":{"line":169,"column":4},"end":{"line":169,"column":65}},{"start":{},"end":{}}],"line":169},"32":{"loc":{"start":{"line":170,"column":4},"end":{"line":170,"column":92}},"type":"if","locations":[{"start":{"line":170,"column":4},"end":{"line":170,"column":92}},{"start":{},"end":{}}],"line":170},"33":{"loc":{"start":{"line":180,"column":2},"end":{"line":182,"column":3}},"type":"if","locations":[{"start":{"line":180,"column":2},"end":{"line":182,"column":3}},{"start":{},"end":{}}],"line":180},"34":{"loc":{"start":{"line":184,"column":25},"end":{"line":184,"column":92}},"type":"cond-expr","locations":[{"start":{"line":184,"column":65},"end":{"line":184,"column":81}},{"start":{"line":184,"column":84},"end":{"line":184,"column":92}}],"line":184},"35":{"loc":{"start":{"line":184,"column":26},"end":{"line":184,"column":61}},"type":"binary-expr","locations":[{"start":{"line":184,"column":26},"end":{"line":184,"column":35}},{"start":{"line":184,"column":39},"end":{"line":184,"column":61}}],"line":184},"36":{"loc":{"start":{"line":188,"column":4},"end":{"line":188,"column":65}},"type":"if","locations":[{"start":{"line":188,"column":4},"end":{"line":188,"column":65}},{"start":{},"end":{}}],"line":188},"37":{"loc":{"start":{"line":206,"column":2},"end":{"line":209,"column":3}},"type":"if","locations":[{"start":{"line":206,"column":2},"end":{"line":209,"column":3}},{"start":{},"end":{}}],"line":206},"38":{"loc":{"start":{"line":210,"column":2},"end":{"line":214,"column":3}},"type":"if","locations":[{"start":{"line":210,"column":2},"end":{"line":214,"column":3}},{"start":{},"end":{}}],"line":210},"39":{"loc":{"start":{"line":211,"column":29},"end":{"line":211,"column":76}},"type":"cond-expr","locations":[{"start":{"line":211,"column":49},"end":{"line":211,"column":65}},{"start":{"line":211,"column":68},"end":{"line":211,"column":76}}],"line":211},"40":{"loc":{"start":{"line":215,"column":2},"end":{"line":218,"column":3}},"type":"if","locations":[{"start":{"line":215,"column":2},"end":{"line":218,"column":3}},{"start":{},"end":{}}],"line":215},"41":{"loc":{"start":{"line":217,"column":16},"end":{"line":217,"column":33}},"type":"cond-expr","locations":[{"start":{"line":217,"column":28},"end":{"line":217,"column":29}},{"start":{"line":217,"column":32},"end":{"line":217,"column":33}}],"line":217},"42":{"loc":{"start":{"line":220,"column":2},"end":{"line":222,"column":3}},"type":"if","locations":[{"start":{"line":220,"column":2},"end":{"line":222,"column":3}},{"start":{},"end":{}}],"line":220},"43":{"loc":{"start":{"line":228,"column":4},"end":{"line":228,"column":65}},"type":"if","locations":[{"start":{"line":228,"column":4},"end":{"line":228,"column":65}},{"start":{},"end":{}}],"line":228},"44":{"loc":{"start":{"line":229,"column":4},"end":{"line":229,"column":97}},"type":"if","locations":[{"start":{"line":229,"column":4},"end":{"line":229,"column":97}},{"start":{},"end":{}}],"line":229},"45":{"loc":{"start":{"line":238,"column":4},"end":{"line":238,"column":65}},"type":"if","locations":[{"start":{"line":238,"column":4},"end":{"line":238,"column":65}},{"start":{},"end":{}}],"line":238},"46":{"loc":{"start":{"line":239,"column":4},"end":{"line":239,"column":97}},"type":"if","locations":[{"start":{"line":239,"column":4},"end":{"line":239,"column":97}},{"start":{},"end":{}}],"line":239},"47":{"loc":{"start":{"line":249,"column":0},"end":{"line":251,"column":1}},"type":"if","locations":[{"start":{"line":249,"column":0},"end":{"line":251,"column":1}},{"start":{},"end":{}}],"line":249}},"s":{"0":1,"1":1,"2":1,"3":1,"4":1,"5":1,"6":1,"7":1,"8":1,"9":1,"10":1,"11":4,"12":4,"13":2,"14":2,"15":2,"16":2,"17":2,"18":2,"19":1,"20":1,"21":0,"22":1,"23":0,"24":1,"25":5,"26":5,"27":2,"28":3,"29":3,"30":3,"31":0,"32":3,"33":1,"34":2,"35":2,"36":1,"37":1,"38":1,"39":25,"40":25,"41":25,"42":7,"43":18,"44":18,"45":1,"46":17,"47":17,"48":1,"49":1,"50":1,"51":1,"52":1,"53":1,"54":1,"55":0,"56":1,"57":1,"58":0,"59":1,"60":1,"61":1,"62":1,"63":1,"64":1,"65":1,"66":1,"67":1,"68":4,"69":4,"70":1,"71":3,"72":3,"73":3,"74":0,"75":3,"76":1,"77":2,"78":2,"79":2,"80":2,"81":2,"82":0,"83":2,"84":1,"85":3,"86":3,"87":3,"88":3,"89":3,"90":2,"91":2,"92":3,"93":0,"94":0,"95":3,"96":0,"97":0,"98":0,"99":3,"100":1,"101":1,"102":3,"103":1,"104":2,"105":2,"106":2,"107":2,"108":0,"109":2,"110":1,"111":1,"112":1,"113":2,"114":2,"115":2,"116":0,"117":2,"118":1,"119":1,"120":1,"121":2,"122":2,"123":2,"124":1,"125":1,"126":1,"127":1,"128":1,"129":0,"130":1,"131":1,"132":3,"133":3,"134":3,"135":3,"136":3,"137":0,"138":0,"139":3,"140":0,"141":0,"142":0,"143":3,"144":2,"145":2,"146":3,"147":1,"148":2,"149":2,"150":2,"151":2,"152":0,"153":2,"154":1,"155":1,"156":1,"157":2,"158":2,"159":2,"160":2,"161":0,"162":2,"163":1,"164":1,"165":1,"166":0,"167":1,"168":0,"169":0,"170":1},"f":{"0":4,"1":2,"2":5,"3":3,"4":25,"5":18,"6":1,"7":1,"8":1,"9":1,"10":1,"11":4,"12":3,"13":2,"14":3,"15":2,"16":2,"17":2,"18":2,"19":1,"20":3,"21":2,"22":2,"23":2,"24":0,"25":0},"b":{"0":[2,2],"1":[4,3],"2":[1,1],"3":[1,0],"4":[2,3],"5":[5,4],"6":[0,3],"7":[1,2],"8":[1,1],"9":[25,18],"10":[7,18],"11":[1,17],"12":[0,1],"13":[0,1],"14":[1,0],"15":[1,3],"16":[0,3],"17":[1,2],"18":[2,1],"19":[2,0],"20":[2,0],"21":[0,2],"22":[2,1],"23":[0,3],"24":[0,3],"25":[0,0],"26":[1,2],"27":[1,0],"28":[1,2],"29":[0,2],"30":[1,1],"31":[0,2],"32":[1,1],"33":[1,1],"34":[0,1],"35":[1,1],"36":[0,1],"37":[0,3],"38":[0,3],"39":[0,0],"40":[2,1],"41":[2,0],"42":[1,2],"43":[0,2],"44":[1,1],"45":[0,2],"46":[1,1],"47":[0,1]},"_coverageSchema":"1a1c01bbd47fc00a2c39e90264f33305004495a9","hash":"8ff16adc36d37d0d4e5520e35dcfc0ef4b922d4d"}
}
