TN:
SF:src\db.js
FN:5,(anonymous_0)
FN:13,(anonymous_1)
FN:20,(anonymous_2)
FN:31,(anonymous_3)
FN:43,(anonymous_4)
FNF:5
FNH:5
FNDA:1,(anonymous_0)
FNDA:1,(anonymous_1)
FNDA:1,(anonymous_2)
FNDA:1,(anonymous_3)
FNDA:1,(anonymous_4)
DA:1,1
DA:3,1
DA:5,1
DA:6,1
DA:7,0
DA:8,0
DA:10,1
DA:13,1
DA:14,1
DA:21,1
DA:24,1
DA:32,1
DA:33,0
DA:35,1
DA:39,1
DA:44,1
DA:45,0
DA:47,1
DA:52,1
LF:19
LH:15
BRDA:6,0,0,0
BRDA:6,0,1,1
BRDA:21,1,0,0
BRDA:21,1,1,1
BRDA:32,2,0,0
BRDA:32,2,1,1
BRDA:44,3,0,0
BRDA:44,3,1,1
BRF:8
BRH:4
end_of_record
TN:
SF:src\index.js
FN:18,(anonymous_0)
FN:27,(anonymous_1)
FN:42,(anonymous_2)
FN:49,(anonymous_3)
FN:68,authenticateToken
FN:73,(anonymous_5)
FN:85,(anonymous_6)
FN:89,(anonymous_7)
FN:92,(anonymous_8)
FN:95,(anonymous_9)
FN:101,(anonymous_10)
FN:113,(anonymous_11)
FN:118,(anonymous_12)
FN:125,(anonymous_13)
FN:139,(anonymous_14)
FN:158,(anonymous_15)
FN:166,(anonymous_16)
FN:168,(anonymous_17)
FN:176,(anonymous_18)
FN:187,(anonymous_19)
FN:199,(anonymous_20)
FN:227,(anonymous_21)
FN:234,(anonymous_22)
FN:237,(anonymous_23)
FN:245,(anonymous_24)
FN:250,(anonymous_25)
FNF:26
FNH:24
FNDA:4,(anonymous_0)
FNDA:2,(anonymous_1)
FNDA:5,(anonymous_2)
FNDA:3,(anonymous_3)
FNDA:25,authenticateToken
FNDA:18,(anonymous_5)
FNDA:1,(anonymous_6)
FNDA:1,(anonymous_7)
FNDA:1,(anonymous_8)
FNDA:1,(anonymous_9)
FNDA:1,(anonymous_10)
FNDA:4,(anonymous_11)
FNDA:3,(anonymous_12)
FNDA:2,(anonymous_13)
FNDA:3,(anonymous_14)
FNDA:2,(anonymous_15)
FNDA:2,(anonymous_16)
FNDA:2,(anonymous_17)
FNDA:2,(anonymous_18)
FNDA:1,(anonymous_19)
FNDA:3,(anonymous_20)
FNDA:2,(anonymous_21)
FNDA:2,(anonymous_22)
FNDA:2,(anonymous_23)
FNDA:0,(anonymous_24)
FNDA:0,(anonymous_25)
DA:1,1
DA:2,1
DA:3,1
DA:4,1
DA:5,1
DA:7,1
DA:8,1
DA:11,1
DA:14,1
DA:15,1
DA:18,1
DA:19,4
DA:20,4
DA:21,2
DA:24,2
DA:25,2
DA:26,2
DA:27,2
DA:28,2
DA:29,1
DA:30,1
DA:32,0
DA:34,1
DA:37,0
DA:42,1
DA:43,5
DA:44,5
DA:45,2
DA:48,3
DA:49,3
DA:50,3
DA:51,0
DA:53,3
DA:54,1
DA:57,2
DA:58,2
DA:59,1
DA:62,1
DA:63,1
DA:69,25
DA:70,25
DA:71,25
DA:73,18
DA:74,18
DA:75,17
DA:76,17
DA:81,1
DA:82,1
DA:85,1
DA:86,1
DA:87,1
DA:89,1
DA:90,1
DA:92,1
DA:93,1
DA:95,1
DA:96,1
DA:97,1
DA:98,1
DA:101,1
DA:102,1
DA:103,1
DA:107,1
DA:113,1
DA:114,4
DA:115,4
DA:117,3
DA:118,3
DA:119,3
DA:120,3
DA:122,2
DA:123,2
DA:124,2
DA:125,2
DA:126,2
DA:127,2
DA:139,1
DA:140,3
DA:141,3
DA:142,3
DA:144,3
DA:145,3
DA:146,3
DA:147,0
DA:148,0
DA:149,0
DA:151,3
DA:153,3
DA:155,2
DA:156,2
DA:158,2
DA:159,2
DA:160,2
DA:161,1
DA:166,1
DA:167,2
DA:168,2
DA:169,2
DA:170,2
DA:171,1
DA:176,1
DA:177,2
DA:178,2
DA:180,2
DA:181,1
DA:184,1
DA:185,1
DA:187,1
DA:188,1
DA:189,1
DA:199,1
DA:200,3
DA:201,3
DA:203,3
DA:204,3
DA:206,3
DA:207,0
DA:208,0
DA:210,3
DA:211,0
DA:212,0
DA:213,0
DA:215,3
DA:216,2
DA:217,2
DA:220,3
DA:221,1
DA:224,2
DA:225,2
DA:227,2
DA:228,2
DA:229,2
DA:230,1
DA:234,1
DA:235,2
DA:236,2
DA:237,2
DA:238,2
DA:239,2
DA:240,1
DA:245,1
DA:246,0
DA:249,1
DA:250,0
DA:253,1
LF:145
LH:132
BRDA:20,0,0,2
BRDA:20,0,1,2
BRDA:20,1,0,4
BRDA:20,1,1,3
BRDA:28,2,0,1
BRDA:28,2,1,1
BRDA:29,3,0,1
BRDA:29,3,1,0
BRDA:44,4,0,2
BRDA:44,4,1,3
BRDA:44,5,0,5
BRDA:44,5,1,4
BRDA:50,6,0,0
BRDA:50,6,1,3
BRDA:53,7,0,1
BRDA:53,7,1,2
BRDA:58,8,0,1
BRDA:58,8,1,1
BRDA:70,9,0,25
BRDA:70,9,1,18
BRDA:71,10,0,7
BRDA:71,10,1,18
BRDA:74,11,0,1
BRDA:74,11,1,17
BRDA:90,12,0,0
BRDA:90,12,1,1
BRDA:93,13,0,0
BRDA:93,13,1,1
BRDA:102,14,0,1
BRDA:102,14,1,0
BRDA:115,15,0,1
BRDA:115,15,1,3
BRDA:119,16,0,0
BRDA:119,16,1,3
BRDA:120,17,0,1
BRDA:120,17,1,2
BRDA:122,18,0,2
BRDA:122,18,1,1
BRDA:123,19,0,2
BRDA:123,19,1,0
BRDA:123,20,0,2
BRDA:123,20,1,0
BRDA:126,21,0,0
BRDA:126,21,1,2
BRDA:144,22,0,2
BRDA:144,22,1,1
BRDA:145,23,0,0
BRDA:145,23,1,3
BRDA:146,24,0,0
BRDA:146,24,1,3
BRDA:147,25,0,0
BRDA:147,25,1,0
BRDA:151,26,0,1
BRDA:151,26,1,2
BRDA:151,27,0,1
BRDA:151,27,1,0
BRDA:153,28,0,1
BRDA:153,28,1,2
BRDA:159,29,0,0
BRDA:159,29,1,2
BRDA:160,30,0,1
BRDA:160,30,1,1
BRDA:169,31,0,0
BRDA:169,31,1,2
BRDA:170,32,0,1
BRDA:170,32,1,1
BRDA:180,33,0,1
BRDA:180,33,1,1
BRDA:184,34,0,0
BRDA:184,34,1,1
BRDA:184,35,0,1
BRDA:184,35,1,1
BRDA:188,36,0,0
BRDA:188,36,1,1
BRDA:206,37,0,0
BRDA:206,37,1,3
BRDA:210,38,0,0
BRDA:210,38,1,3
BRDA:211,39,0,0
BRDA:211,39,1,0
BRDA:215,40,0,2
BRDA:215,40,1,1
BRDA:217,41,0,2
BRDA:217,41,1,0
BRDA:220,42,0,1
BRDA:220,42,1,2
BRDA:228,43,0,0
BRDA:228,43,1,2
BRDA:229,44,0,1
BRDA:229,44,1,1
BRDA:238,45,0,0
BRDA:238,45,1,2
BRDA:239,46,0,1
BRDA:239,46,1,1
BRDA:249,47,0,0
BRDA:249,47,1,1
BRF:96
BRH:70
end_of_record
